{"/home/user/app-studio/src/index.tsx": {"path":"/home/user/app-studio/src/index.tsx","statementMap":{"0":{"start":{"line":1,"column":0},"end":{"line":1,"column":34}},"1":{"start":{"line":2,"column":0},"end":{"line":2,"column":35}},"2":{"start":{"line":3,"column":0},"end":{"line":3,"column":34}},"3":{"start":{"line":4,"column":0},"end":{"line":4,"column":34}},"4":{"start":{"line":5,"column":0},"end":{"line":5,"column":34}},"5":{"start":{"line":6,"column":0},"end":{"line":6,"column":38}},"6":{"start":{"line":7,"column":0},"end":{"line":7,"column":49}},"7":{"start":{"line":8,"column":0},"end":{"line":8,"column":35}},"8":{"start":{"line":9,"column":0},"end":{"line":9,"column":31}},"9":{"start":{"line":10,"column":0},"end":{"line":10,"column":28}},"10":{"start":{"line":11,"column":0},"end":{"line":11,"column":30}},"11":{"start":{"line":12,"column":0},"end":{"line":12,"column":31}},"12":{"start":{"line":13,"column":0},"end":{"line":13,"column":39}},"13":{"start":{"line":14,"column":0},"end":{"line":14,"column":38}},"14":{"start":{"line":15,"column":0},"end":{"line":15,"column":34}},"15":{"start":{"line":16,"column":0},"end":{"line":16,"column":34}},"16":{"start":{"line":17,"column":0},"end":{"line":17,"column":40}},"17":{"start":{"line":18,"column":0},"end":{"line":18,"column":43}},"18":{"start":{"line":19,"column":0},"end":{"line":19,"column":33}},"19":{"start":{"line":20,"column":0},"end":{"line":20,"column":33}},"20":{"start":{"line":21,"column":0},"end":{"line":21,"column":36}},"21":{"start":{"line":22,"column":0},"end":{"line":22,"column":33}},"22":{"start":{"line":23,"column":0},"end":{"line":23,"column":36}},"23":{"start":{"line":24,"column":0},"end":{"line":24,"column":38}},"24":{"start":{"line":25,"column":0},"end":{"line":25,"column":34}},"25":{"start":{"line":26,"column":0},"end":{"line":26,"column":38}},"26":{"start":{"line":27,"column":0},"end":{"line":27,"column":34}}},"fnMap":{},"branchMap":{},"s":{"0":0,"1":0,"2":0,"3":0,"4":0,"5":0,"6":0,"7":0,"8":0,"9":0,"10":0,"11":0,"12":0,"13":0,"14":0,"15":0,"16":0,"17":0,"18":0,"19":0,"20":0,"21":0,"22":0,"23":0,"24":0,"25":0,"26":0},"f":{},"b":{}}
,"/home/user/app-studio/src/components/Form.tsx": {"path":"/home/user/app-studio/src/components/Form.tsx","statementMap":{"0":{"start":{"line":1,"column":0},"end":{"line":1,"column":26}},"1":{"start":{"line":2,"column":0},"end":{"line":2,"column":59}},"2":{"start":{"line":64,"column":13},"end":{"line":73,"column":2}},"3":{"start":{"line":68,"column":2},"end":{"line":68,"column":44}},"4":{"start":{"line":75,"column":13},"end":{"line":84,"column":2}},"5":{"start":{"line":79,"column":2},"end":{"line":79,"column":45}},"6":{"start":{"line":86,"column":13},"end":{"line":95,"column":2}},"7":{"start":{"line":90,"column":2},"end":{"line":90,"column":46}}},"fnMap":{"0":{"name":"(anonymous_0)","decl":{"start":{"line":67,"column":2},"end":{"line":67,"column":3}},"loc":{"start":{"line":68,"column":2},"end":{"line":68,"column":44}}},"1":{"name":"(anonymous_1)","decl":{"start":{"line":78,"column":2},"end":{"line":78,"column":3}},"loc":{"start":{"line":79,"column":2},"end":{"line":79,"column":45}}},"2":{"name":"(anonymous_2)","decl":{"start":{"line":89,"column":2},"end":{"line":89,"column":3}},"loc":{"start":{"line":90,"column":2},"end":{"line":90,"column":46}}}},"branchMap":{},"s":{"0":0,"1":0,"2":0,"3":0,"4":0,"5":0,"6":0,"7":0},"f":{"0":0,"1":0,"2":0},"b":{}}
,"/home/user/app-studio/src/components/Image.tsx": {"path":"/home/user/app-studio/src/components/Image.tsx","statementMap":{"0":{"start":{"line":1,"column":0},"end":{"line":1,"column":26}},"1":{"start":{"line":2,"column":0},"end":{"line":2,"column":59}},"2":{"start":{"line":26,"column":13},"end":{"line":35,"column":2}},"3":{"start":{"line":30,"column":2},"end":{"line":30,"column":43}},"4":{"start":{"line":37,"column":13},"end":{"line":52,"column":2}},"5":{"start":{"line":41,"column":2},"end":{"line":46,"column":null}}},"fnMap":{"0":{"name":"(anonymous_0)","decl":{"start":{"line":29,"column":2},"end":{"line":29,"column":3}},"loc":{"start":{"line":30,"column":2},"end":{"line":30,"column":43}}},"1":{"name":"(anonymous_1)","decl":{"start":{"line":40,"column":2},"end":{"line":40,"column":3}},"loc":{"start":{"line":41,"column":2},"end":{"line":46,"column":null}}}},"branchMap":{},"s":{"0":0,"1":0,"2":0,"3":0,"4":0,"5":0},"f":{"0":0,"1":0},"b":{}}
,"/home/user/app-studio/src/components/Skeleton.tsx": {"path":"/home/user/app-studio/src/components/Skeleton.tsx","statementMap":{"0":{"start":{"line":1,"column":0},"end":{"line":1,"column":26}},"1":{"start":{"line":2,"column":0},"end":{"line":2,"column":30}},"2":{"start":{"line":3,"column":0},"end":{"line":3,"column":47}},"3":{"start":{"line":6,"column":13},"end":{"line":24,"column":2}},"4":{"start":{"line":13,"column":4},"end":{"line":21,"column":null}}},"fnMap":{"0":{"name":"(anonymous_0)","decl":{"start":{"line":7,"column":2},"end":{"line":7,"column":3}},"loc":{"start":{"line":13,"column":4},"end":{"line":21,"column":null}}}},"branchMap":{"0":{"loc":{"start":{"line":8,"column":4},"end":{"line":8,"column":19}},"type":"default-arg","locations":[{"start":{"line":8,"column":15},"end":{"line":8,"column":19}}]},"1":{"loc":{"start":{"line":9,"column":4},"end":{"line":9,"column":29}},"type":"default-arg","locations":[{"start":{"line":9,"column":21},"end":{"line":9,"column":29}}]},"2":{"loc":{"start":{"line":10,"column":4},"end":{"line":10,"column":31}},"type":"default-arg","locations":[{"start":{"line":10,"column":21},"end":{"line":10,"column":31}}]}},"s":{"0":0,"1":0,"2":0,"3":0,"4":0},"f":{"0":0},"b":{"0":[0],"1":[0],"2":[0]}}
,"/home/user/app-studio/src/components/Text.tsx": {"path":"/home/user/app-studio/src/components/Text.tsx","statementMap":{"0":{"start":{"line":1,"column":0},"end":{"line":1,"column":26}},"1":{"start":{"line":2,"column":0},"end":{"line":2,"column":59}},"2":{"start":{"line":20,"column":13},"end":{"line":41,"column":2}},"3":{"start":{"line":24,"column":45},"end":{"line":24,"column":50}},"4":{"start":{"line":28,"column":4},"end":{"line":30,"column":16}},"5":{"start":{"line":32,"column":2},"end":{"line":36,"column":4}}},"fnMap":{"0":{"name":"(anonymous_0)","decl":{"start":{"line":23,"column":2},"end":{"line":23,"column":3}},"loc":{"start":{"line":23,"column":17},"end":{"line":37,"column":1}}}},"branchMap":{"0":{"loc":{"start":{"line":28,"column":4},"end":{"line":30,"column":16}},"type":"cond-expr","locations":[{"start":{"line":29,"column":8},"end":{"line":29,"column":30}},{"start":{"line":30,"column":8},"end":{"line":30,"column":16}}]},"1":{"loc":{"start":{"line":28,"column":4},"end":{"line":28,"column":47}},"type":"binary-expr","locations":[{"start":{"line":28,"column":4},"end":{"line":28,"column":15}},{"start":{"line":28,"column":19},"end":{"line":28,"column":47}}]}},"s":{"0":0,"1":0,"2":0,"3":0,"4":0,"5":0},"f":{"0":0},"b":{"0":[0,0],"1":[0,0]}}
,"/home/user/app-studio/src/components/View.tsx": {"path":"/home/user/app-studio/src/components/View.tsx","statementMap":{"0":{"start":{"line":1,"column":0},"end":{"line":1,"column":26}},"1":{"start":{"line":2,"column":0},"end":{"line":2,"column":59}},"2":{"start":{"line":14,"column":13},"end":{"line":23,"column":2}},"3":{"start":{"line":18,"column":2},"end":{"line":18,"column":34}},"4":{"start":{"line":25,"column":13},"end":{"line":34,"column":2}},"5":{"start":{"line":29,"column":2},"end":{"line":29,"column":69}},"6":{"start":{"line":36,"column":13},"end":{"line":51,"column":2}},"7":{"start":{"line":40,"column":2},"end":{"line":45,"column":null}},"8":{"start":{"line":53,"column":13},"end":{"line":62,"column":2}},"9":{"start":{"line":57,"column":2},"end":{"line":57,"column":72}},"10":{"start":{"line":64,"column":13},"end":{"line":83,"column":2}},"11":{"start":{"line":68,"column":2},"end":{"line":77,"column":null}},"12":{"start":{"line":85,"column":13},"end":{"line":104,"column":2}},"13":{"start":{"line":89,"column":2},"end":{"line":98,"column":null}},"14":{"start":{"line":106,"column":13},"end":{"line":115,"column":2}},"15":{"start":{"line":110,"column":2},"end":{"line":110,"column":34}},"16":{"start":{"line":117,"column":13},"end":{"line":126,"column":2}},"17":{"start":{"line":121,"column":2},"end":{"line":121,"column":50}},"18":{"start":{"line":128,"column":13},"end":{"line":137,"column":2}},"19":{"start":{"line":132,"column":2},"end":{"line":132,"column":34}},"20":{"start":{"line":139,"column":13},"end":{"line":148,"column":2}},"21":{"start":{"line":143,"column":2},"end":{"line":143,"column":44}}},"fnMap":{"0":{"name":"(anonymous_0)","decl":{"start":{"line":17,"column":2},"end":{"line":17,"column":3}},"loc":{"start":{"line":18,"column":2},"end":{"line":18,"column":34}}},"1":{"name":"(anonymous_1)","decl":{"start":{"line":28,"column":2},"end":{"line":28,"column":3}},"loc":{"start":{"line":29,"column":2},"end":{"line":29,"column":69}}},"2":{"name":"(anonymous_2)","decl":{"start":{"line":39,"column":2},"end":{"line":39,"column":3}},"loc":{"start":{"line":40,"column":2},"end":{"line":45,"column":null}}},"3":{"name":"(anonymous_3)","decl":{"start":{"line":56,"column":2},"end":{"line":56,"column":3}},"loc":{"start":{"line":57,"column":2},"end":{"line":57,"column":72}}},"4":{"name":"(anonymous_4)","decl":{"start":{"line":67,"column":2},"end":{"line":67,"column":3}},"loc":{"start":{"line":68,"column":2},"end":{"line":77,"column":null}}},"5":{"name":"(anonymous_5)","decl":{"start":{"line":88,"column":2},"end":{"line":88,"column":3}},"loc":{"start":{"line":89,"column":2},"end":{"line":98,"column":null}}},"6":{"name":"(anonymous_6)","decl":{"start":{"line":109,"column":2},"end":{"line":109,"column":3}},"loc":{"start":{"line":110,"column":2},"end":{"line":110,"column":34}}},"7":{"name":"(anonymous_7)","decl":{"start":{"line":120,"column":2},"end":{"line":120,"column":3}},"loc":{"start":{"line":121,"column":2},"end":{"line":121,"column":50}}},"8":{"name":"(anonymous_8)","decl":{"start":{"line":131,"column":2},"end":{"line":131,"column":3}},"loc":{"start":{"line":132,"column":2},"end":{"line":132,"column":34}}},"9":{"name":"(anonymous_9)","decl":{"start":{"line":142,"column":2},"end":{"line":142,"column":3}},"loc":{"start":{"line":143,"column":2},"end":{"line":143,"column":44}}}},"branchMap":{"0":{"loc":{"start":{"line":67,"column":5},"end":{"line":67,"column":15}},"type":"default-arg","locations":[{"start":{"line":67,"column":13},"end":{"line":67,"column":15}}]},"1":{"loc":{"start":{"line":88,"column":5},"end":{"line":88,"column":15}},"type":"default-arg","locations":[{"start":{"line":88,"column":13},"end":{"line":88,"column":15}}]}},"s":{"0":0,"1":0,"2":0,"3":0,"4":0,"5":0,"6":0,"7":0,"8":0,"9":0,"10":0,"11":0,"12":0,"13":0,"14":0,"15":0,"16":0,"17":0,"18":0,"19":0,"20":0,"21":0},"f":{"0":0,"1":0,"2":0,"3":0,"4":0,"5":0,"6":0,"7":0,"8":0,"9":0},"b":{"0":[0],"1":[0]}}
,"/home/user/app-studio/src/components/Wrapper.tsx": {"path":"/home/user/app-studio/src/components/Wrapper.tsx","statementMap":{"0":{"start":{"line":1,"column":0},"end":{"line":1,"column":26}},"1":{"start":{"line":2,"column":0},"end":{"line":2,"column":51}},"2":{"start":{"line":3,"column":0},"end":{"line":3,"column":61}},"3":{"start":{"line":4,"column":0},"end":{"line":4,"column":61}},"4":{"start":{"line":8,"column":4},"end":{"line":14,"column":6}},"5":{"start":{"line":6,"column":0},"end":{"line":6,"column":21}}},"fnMap":{"0":{"name":"(anonymous_0)","decl":{"start":{"line":7,"column":2},"end":{"line":7,"column":8}},"loc":{"start":{"line":7,"column":8},"end":{"line":15,"column":3}}}},"branchMap":{},"s":{"0":0,"1":0,"2":0,"3":0,"4":0,"5":0},"f":{"0":0},"b":{}}
,"/home/user/app-studio/src/element/Animation.tsx": {"path":"/home/user/app-studio/src/element/Animation.tsx","statementMap":{"0":{"start":{"line":5,"column":22},"end":{"line":15,"column":2}},"1":{"start":{"line":9,"column":23},"end":{"line":15,"column":2}},"2":{"start":{"line":5,"column":13},"end":{"line":5,"column":22}},"3":{"start":{"line":17,"column":23},"end":{"line":27,"column":2}},"4":{"start":{"line":21,"column":23},"end":{"line":27,"column":2}},"5":{"start":{"line":17,"column":13},"end":{"line":17,"column":23}},"6":{"start":{"line":29,"column":27},"end":{"line":39,"column":2}},"7":{"start":{"line":33,"column":23},"end":{"line":39,"column":2}},"8":{"start":{"line":29,"column":13},"end":{"line":29,"column":27}},"9":{"start":{"line":41,"column":28},"end":{"line":51,"column":2}},"10":{"start":{"line":45,"column":23},"end":{"line":51,"column":2}},"11":{"start":{"line":41,"column":13},"end":{"line":41,"column":28}},"12":{"start":{"line":53,"column":27},"end":{"line":63,"column":2}},"13":{"start":{"line":57,"column":23},"end":{"line":63,"column":2}},"14":{"start":{"line":53,"column":13},"end":{"line":53,"column":27}},"15":{"start":{"line":65,"column":25},"end":{"line":75,"column":2}},"16":{"start":{"line":69,"column":23},"end":{"line":75,"column":2}},"17":{"start":{"line":65,"column":13},"end":{"line":65,"column":25}},"18":{"start":{"line":77,"column":22},"end":{"line":93,"column":2}},"19":{"start":{"line":82,"column":23},"end":{"line":93,"column":2}},"20":{"start":{"line":77,"column":13},"end":{"line":77,"column":22}},"21":{"start":{"line":95,"column":22},"end":{"line":107,"column":2}},"22":{"start":{"line":100,"column":23},"end":{"line":107,"column":2}},"23":{"start":{"line":95,"column":13},"end":{"line":95,"column":22}},"24":{"start":{"line":109,"column":21},"end":{"line":122,"column":2}},"25":{"start":{"line":114,"column":23},"end":{"line":122,"column":2}},"26":{"start":{"line":109,"column":13},"end":{"line":109,"column":21}},"27":{"start":{"line":124,"column":22},"end":{"line":134,"column":2}},"28":{"start":{"line":128,"column":23},"end":{"line":134,"column":2}},"29":{"start":{"line":124,"column":13},"end":{"line":124,"column":22}},"30":{"start":{"line":136,"column":23},"end":{"line":146,"column":2}},"31":{"start":{"line":140,"column":23},"end":{"line":146,"column":2}},"32":{"start":{"line":136,"column":13},"end":{"line":136,"column":23}},"33":{"start":{"line":148,"column":21},"end":{"line":159,"column":2}},"34":{"start":{"line":152,"column":23},"end":{"line":159,"column":2}},"35":{"start":{"line":148,"column":13},"end":{"line":148,"column":21}},"36":{"start":{"line":161,"column":21},"end":{"line":180,"column":2}},"37":{"start":{"line":165,"column":23},"end":{"line":180,"column":2}},"38":{"start":{"line":161,"column":13},"end":{"line":161,"column":21}},"39":{"start":{"line":182,"column":21},"end":{"line":196,"column":2}},"40":{"start":{"line":186,"column":23},"end":{"line":196,"column":2}},"41":{"start":{"line":182,"column":13},"end":{"line":182,"column":21}},"42":{"start":{"line":198,"column":26},"end":{"line":213,"column":2}},"43":{"start":{"line":202,"column":23},"end":{"line":213,"column":2}},"44":{"start":{"line":198,"column":13},"end":{"line":198,"column":26}},"45":{"start":{"line":215,"column":22},"end":{"line":225,"column":2}},"46":{"start":{"line":215,"column":58},"end":{"line":225,"column":2}},"47":{"start":{"line":215,"column":13},"end":{"line":215,"column":22}},"48":{"start":{"line":227,"column":20},"end":{"line":239,"column":2}},"49":{"start":{"line":227,"column":56},"end":{"line":239,"column":2}},"50":{"start":{"line":227,"column":13},"end":{"line":227,"column":20}},"51":{"start":{"line":241,"column":25},"end":{"line":255,"column":2}},"52":{"start":{"line":245,"column":23},"end":{"line":255,"column":2}},"53":{"start":{"line":241,"column":13},"end":{"line":241,"column":25}},"54":{"start":{"line":257,"column":22},"end":{"line":268,"column":2}},"55":{"start":{"line":257,"column":58},"end":{"line":268,"column":2}},"56":{"start":{"line":257,"column":13},"end":{"line":257,"column":22}},"57":{"start":{"line":270,"column":23},"end":{"line":281,"column":2}},"58":{"start":{"line":270,"column":59},"end":{"line":281,"column":2}},"59":{"start":{"line":270,"column":13},"end":{"line":270,"column":23}},"60":{"start":{"line":283,"column":28},"end":{"line":306,"column":2}},"61":{"start":{"line":287,"column":23},"end":{"line":306,"column":2}},"62":{"start":{"line":283,"column":13},"end":{"line":283,"column":28}},"63":{"start":{"line":308,"column":29},"end":{"line":327,"column":2}},"64":{"start":{"line":312,"column":23},"end":{"line":327,"column":2}},"65":{"start":{"line":308,"column":13},"end":{"line":308,"column":29}},"66":{"start":{"line":329,"column":21},"end":{"line":362,"column":2}},"67":{"start":{"line":333,"column":23},"end":{"line":362,"column":2}},"68":{"start":{"line":329,"column":13},"end":{"line":329,"column":21}},"69":{"start":{"line":364,"column":28},"end":{"line":387,"column":2}},"70":{"start":{"line":368,"column":23},"end":{"line":387,"column":2}},"71":{"start":{"line":364,"column":13},"end":{"line":364,"column":28}},"72":{"start":{"line":389,"column":23},"end":{"line":408,"column":2}},"73":{"start":{"line":393,"column":23},"end":{"line":408,"column":2}},"74":{"start":{"line":389,"column":13},"end":{"line":389,"column":23}},"75":{"start":{"line":410,"column":23},"end":{"line":429,"column":2}},"76":{"start":{"line":414,"column":23},"end":{"line":429,"column":2}},"77":{"start":{"line":410,"column":13},"end":{"line":410,"column":23}},"78":{"start":{"line":431,"column":25},"end":{"line":457,"column":2}},"79":{"start":{"line":435,"column":23},"end":{"line":457,"column":2}},"80":{"start":{"line":431,"column":13},"end":{"line":431,"column":25}},"81":{"start":{"line":459,"column":20},"end":{"line":478,"column":2}},"82":{"start":{"line":463,"column":23},"end":{"line":478,"column":2}},"83":{"start":{"line":459,"column":13},"end":{"line":459,"column":20}},"84":{"start":{"line":480,"column":21},"end":{"line":498,"column":2}},"85":{"start":{"line":484,"column":23},"end":{"line":498,"column":2}},"86":{"start":{"line":480,"column":13},"end":{"line":480,"column":21}},"87":{"start":{"line":500,"column":26},"end":{"line":516,"column":2}},"88":{"start":{"line":504,"column":23},"end":{"line":516,"column":2}},"89":{"start":{"line":500,"column":13},"end":{"line":500,"column":26}},"90":{"start":{"line":518,"column":24},"end":{"line":534,"column":2}},"91":{"start":{"line":522,"column":23},"end":{"line":534,"column":2}},"92":{"start":{"line":518,"column":13},"end":{"line":518,"column":24}},"93":{"start":{"line":536,"column":24},"end":{"line":558,"column":2}},"94":{"start":{"line":540,"column":23},"end":{"line":558,"column":2}},"95":{"start":{"line":536,"column":13},"end":{"line":536,"column":24}},"96":{"start":{"line":560,"column":25},"end":{"line":582,"column":2}},"97":{"start":{"line":564,"column":23},"end":{"line":582,"column":2}},"98":{"start":{"line":560,"column":13},"end":{"line":560,"column":25}},"99":{"start":{"line":584,"column":28},"end":{"line":598,"column":2}},"100":{"start":{"line":588,"column":23},"end":{"line":598,"column":2}},"101":{"start":{"line":584,"column":13},"end":{"line":584,"column":28}},"102":{"start":{"line":600,"column":29},"end":{"line":614,"column":2}},"103":{"start":{"line":604,"column":23},"end":{"line":614,"column":2}},"104":{"start":{"line":600,"column":13},"end":{"line":600,"column":29}},"105":{"start":{"line":616,"column":26},"end":{"line":635,"column":2}},"106":{"start":{"line":620,"column":23},"end":{"line":635,"column":2}},"107":{"start":{"line":616,"column":13},"end":{"line":616,"column":26}},"108":{"start":{"line":637,"column":25},"end":{"line":657,"column":2}},"109":{"start":{"line":641,"column":23},"end":{"line":657,"column":2}},"110":{"start":{"line":637,"column":13},"end":{"line":637,"column":25}},"111":{"start":{"line":659,"column":26},"end":{"line":675,"column":2}},"112":{"start":{"line":663,"column":23},"end":{"line":675,"column":2}},"113":{"start":{"line":659,"column":13},"end":{"line":659,"column":26}},"114":{"start":{"line":677,"column":25},"end":{"line":697,"column":2}},"115":{"start":{"line":681,"column":23},"end":{"line":697,"column":2}},"116":{"start":{"line":677,"column":13},"end":{"line":677,"column":25}},"117":{"start":{"line":699,"column":23},"end":{"line":712,"column":2}},"118":{"start":{"line":704,"column":23},"end":{"line":712,"column":2}},"119":{"start":{"line":699,"column":13},"end":{"line":699,"column":23}},"120":{"start":{"line":714,"column":24},"end":{"line":728,"column":2}},"121":{"start":{"line":721,"column":23},"end":{"line":728,"column":2}},"122":{"start":{"line":714,"column":13},"end":{"line":714,"column":24}},"123":{"start":{"line":730,"column":26},"end":{"line":743,"column":2}},"124":{"start":{"line":736,"column":23},"end":{"line":743,"column":2}},"125":{"start":{"line":730,"column":13},"end":{"line":730,"column":26}},"126":{"start":{"line":745,"column":27},"end":{"line":761,"column":2}},"127":{"start":{"line":751,"column":23},"end":{"line":761,"column":2}},"128":{"start":{"line":745,"column":13},"end":{"line":745,"column":27}},"129":{"start":{"line":763,"column":28},"end":{"line":777,"column":2}},"130":{"start":{"line":769,"column":23},"end":{"line":777,"column":2}},"131":{"start":{"line":763,"column":13},"end":{"line":763,"column":28}},"132":{"start":{"line":779,"column":33},"end":{"line":793,"column":2}},"133":{"start":{"line":785,"column":23},"end":{"line":793,"column":2}},"134":{"start":{"line":779,"column":13},"end":{"line":779,"column":33}},"135":{"start":{"line":795,"column":31},"end":{"line":809,"column":2}},"136":{"start":{"line":801,"column":23},"end":{"line":809,"column":2}},"137":{"start":{"line":795,"column":13},"end":{"line":795,"column":31}},"138":{"start":{"line":813,"column":30},"end":{"line":837,"column":2}},"139":{"start":{"line":819,"column":23},"end":{"line":837,"column":2}},"140":{"start":{"line":813,"column":13},"end":{"line":813,"column":30}},"141":{"start":{"line":841,"column":33},"end":{"line":855,"column":2}},"142":{"start":{"line":847,"column":23},"end":{"line":855,"column":2}},"143":{"start":{"line":841,"column":13},"end":{"line":841,"column":33}},"144":{"start":{"line":858,"column":30},"end":{"line":873,"column":2}},"145":{"start":{"line":864,"column":23},"end":{"line":873,"column":2}},"146":{"start":{"line":858,"column":13},"end":{"line":858,"column":30}},"147":{"start":{"line":876,"column":30},"end":{"line":889,"column":2}},"148":{"start":{"line":882,"column":23},"end":{"line":889,"column":2}},"149":{"start":{"line":876,"column":13},"end":{"line":876,"column":30}},"150":{"start":{"line":892,"column":28},"end":{"line":905,"column":2}},"151":{"start":{"line":898,"column":23},"end":{"line":905,"column":2}},"152":{"start":{"line":892,"column":13},"end":{"line":892,"column":28}},"153":{"start":{"line":908,"column":38},"end":{"line":922,"column":2}},"154":{"start":{"line":914,"column":23},"end":{"line":922,"column":2}},"155":{"start":{"line":908,"column":13},"end":{"line":908,"column":38}},"156":{"start":{"line":925,"column":35},"end":{"line":939,"column":2}},"157":{"start":{"line":931,"column":23},"end":{"line":939,"column":2}},"158":{"start":{"line":925,"column":13},"end":{"line":925,"column":35}}},"fnMap":{"0":{"name":"(anonymous_0)","decl":{"start":{"line":5,"column":22},"end":{"line":5,"column":23}},"loc":{"start":{"line":9,"column":23},"end":{"line":15,"column":2}}},"1":{"name":"(anonymous_1)","decl":{"start":{"line":17,"column":23},"end":{"line":17,"column":24}},"loc":{"start":{"line":21,"column":23},"end":{"line":27,"column":2}}},"2":{"name":"(anonymous_2)","decl":{"start":{"line":29,"column":27},"end":{"line":29,"column":28}},"loc":{"start":{"line":33,"column":23},"end":{"line":39,"column":2}}},"3":{"name":"(anonymous_3)","decl":{"start":{"line":41,"column":28},"end":{"line":41,"column":29}},"loc":{"start":{"line":45,"column":23},"end":{"line":51,"column":2}}},"4":{"name":"(anonymous_4)","decl":{"start":{"line":53,"column":27},"end":{"line":53,"column":28}},"loc":{"start":{"line":57,"column":23},"end":{"line":63,"column":2}}},"5":{"name":"(anonymous_5)","decl":{"start":{"line":65,"column":25},"end":{"line":65,"column":26}},"loc":{"start":{"line":69,"column":23},"end":{"line":75,"column":2}}},"6":{"name":"(anonymous_6)","decl":{"start":{"line":77,"column":22},"end":{"line":77,"column":23}},"loc":{"start":{"line":82,"column":23},"end":{"line":93,"column":2}}},"7":{"name":"(anonymous_7)","decl":{"start":{"line":95,"column":22},"end":{"line":95,"column":23}},"loc":{"start":{"line":100,"column":23},"end":{"line":107,"column":2}}},"8":{"name":"(anonymous_8)","decl":{"start":{"line":109,"column":21},"end":{"line":109,"column":22}},"loc":{"start":{"line":114,"column":23},"end":{"line":122,"column":2}}},"9":{"name":"(anonymous_9)","decl":{"start":{"line":124,"column":22},"end":{"line":124,"column":23}},"loc":{"start":{"line":128,"column":23},"end":{"line":134,"column":2}}},"10":{"name":"(anonymous_10)","decl":{"start":{"line":136,"column":23},"end":{"line":136,"column":24}},"loc":{"start":{"line":140,"column":23},"end":{"line":146,"column":2}}},"11":{"name":"(anonymous_11)","decl":{"start":{"line":148,"column":21},"end":{"line":148,"column":22}},"loc":{"start":{"line":152,"column":23},"end":{"line":159,"column":2}}},"12":{"name":"(anonymous_12)","decl":{"start":{"line":161,"column":21},"end":{"line":161,"column":22}},"loc":{"start":{"line":165,"column":23},"end":{"line":180,"column":2}}},"13":{"name":"(anonymous_13)","decl":{"start":{"line":182,"column":21},"end":{"line":182,"column":22}},"loc":{"start":{"line":186,"column":23},"end":{"line":196,"column":2}}},"14":{"name":"(anonymous_14)","decl":{"start":{"line":198,"column":26},"end":{"line":198,"column":27}},"loc":{"start":{"line":202,"column":23},"end":{"line":213,"column":2}}},"15":{"name":"(anonymous_15)","decl":{"start":{"line":215,"column":22},"end":{"line":215,"column":23}},"loc":{"start":{"line":215,"column":58},"end":{"line":225,"column":2}}},"16":{"name":"(anonymous_16)","decl":{"start":{"line":227,"column":20},"end":{"line":227,"column":21}},"loc":{"start":{"line":227,"column":56},"end":{"line":239,"column":2}}},"17":{"name":"(anonymous_17)","decl":{"start":{"line":241,"column":25},"end":{"line":241,"column":26}},"loc":{"start":{"line":245,"column":23},"end":{"line":255,"column":2}}},"18":{"name":"(anonymous_18)","decl":{"start":{"line":257,"column":22},"end":{"line":257,"column":23}},"loc":{"start":{"line":257,"column":58},"end":{"line":268,"column":2}}},"19":{"name":"(anonymous_19)","decl":{"start":{"line":270,"column":23},"end":{"line":270,"column":24}},"loc":{"start":{"line":270,"column":59},"end":{"line":281,"column":2}}},"20":{"name":"(anonymous_20)","decl":{"start":{"line":283,"column":28},"end":{"line":283,"column":29}},"loc":{"start":{"line":287,"column":23},"end":{"line":306,"column":2}}},"21":{"name":"(anonymous_21)","decl":{"start":{"line":308,"column":29},"end":{"line":308,"column":30}},"loc":{"start":{"line":312,"column":23},"end":{"line":327,"column":2}}},"22":{"name":"(anonymous_22)","decl":{"start":{"line":329,"column":21},"end":{"line":329,"column":22}},"loc":{"start":{"line":333,"column":23},"end":{"line":362,"column":2}}},"23":{"name":"(anonymous_23)","decl":{"start":{"line":364,"column":28},"end":{"line":364,"column":29}},"loc":{"start":{"line":368,"column":23},"end":{"line":387,"column":2}}},"24":{"name":"(anonymous_24)","decl":{"start":{"line":389,"column":23},"end":{"line":389,"column":24}},"loc":{"start":{"line":393,"column":23},"end":{"line":408,"column":2}}},"25":{"name":"(anonymous_25)","decl":{"start":{"line":410,"column":23},"end":{"line":410,"column":24}},"loc":{"start":{"line":414,"column":23},"end":{"line":429,"column":2}}},"26":{"name":"(anonymous_26)","decl":{"start":{"line":431,"column":25},"end":{"line":431,"column":26}},"loc":{"start":{"line":435,"column":23},"end":{"line":457,"column":2}}},"27":{"name":"(anonymous_27)","decl":{"start":{"line":459,"column":20},"end":{"line":459,"column":21}},"loc":{"start":{"line":463,"column":23},"end":{"line":478,"column":2}}},"28":{"name":"(anonymous_28)","decl":{"start":{"line":480,"column":21},"end":{"line":480,"column":22}},"loc":{"start":{"line":484,"column":23},"end":{"line":498,"column":2}}},"29":{"name":"(anonymous_29)","decl":{"start":{"line":500,"column":26},"end":{"line":500,"column":27}},"loc":{"start":{"line":504,"column":23},"end":{"line":516,"column":2}}},"30":{"name":"(anonymous_30)","decl":{"start":{"line":518,"column":24},"end":{"line":518,"column":25}},"loc":{"start":{"line":522,"column":23},"end":{"line":534,"column":2}}},"31":{"name":"(anonymous_31)","decl":{"start":{"line":536,"column":24},"end":{"line":536,"column":25}},"loc":{"start":{"line":540,"column":23},"end":{"line":558,"column":2}}},"32":{"name":"(anonymous_32)","decl":{"start":{"line":560,"column":25},"end":{"line":560,"column":26}},"loc":{"start":{"line":564,"column":23},"end":{"line":582,"column":2}}},"33":{"name":"(anonymous_33)","decl":{"start":{"line":584,"column":28},"end":{"line":584,"column":29}},"loc":{"start":{"line":588,"column":23},"end":{"line":598,"column":2}}},"34":{"name":"(anonymous_34)","decl":{"start":{"line":600,"column":29},"end":{"line":600,"column":30}},"loc":{"start":{"line":604,"column":23},"end":{"line":614,"column":2}}},"35":{"name":"(anonymous_35)","decl":{"start":{"line":616,"column":26},"end":{"line":616,"column":27}},"loc":{"start":{"line":620,"column":23},"end":{"line":635,"column":2}}},"36":{"name":"(anonymous_36)","decl":{"start":{"line":637,"column":25},"end":{"line":637,"column":26}},"loc":{"start":{"line":641,"column":23},"end":{"line":657,"column":2}}},"37":{"name":"(anonymous_37)","decl":{"start":{"line":659,"column":26},"end":{"line":659,"column":27}},"loc":{"start":{"line":663,"column":23},"end":{"line":675,"column":2}}},"38":{"name":"(anonymous_38)","decl":{"start":{"line":677,"column":25},"end":{"line":677,"column":26}},"loc":{"start":{"line":681,"column":23},"end":{"line":697,"column":2}}},"39":{"name":"(anonymous_39)","decl":{"start":{"line":699,"column":23},"end":{"line":699,"column":24}},"loc":{"start":{"line":704,"column":23},"end":{"line":712,"column":2}}},"40":{"name":"(anonymous_40)","decl":{"start":{"line":714,"column":24},"end":{"line":714,"column":25}},"loc":{"start":{"line":721,"column":23},"end":{"line":728,"column":2}}},"41":{"name":"(anonymous_41)","decl":{"start":{"line":730,"column":26},"end":{"line":730,"column":27}},"loc":{"start":{"line":736,"column":23},"end":{"line":743,"column":2}}},"42":{"name":"(anonymous_42)","decl":{"start":{"line":745,"column":27},"end":{"line":745,"column":28}},"loc":{"start":{"line":751,"column":23},"end":{"line":761,"column":2}}},"43":{"name":"(anonymous_43)","decl":{"start":{"line":763,"column":28},"end":{"line":763,"column":29}},"loc":{"start":{"line":769,"column":23},"end":{"line":777,"column":2}}},"44":{"name":"(anonymous_44)","decl":{"start":{"line":779,"column":33},"end":{"line":779,"column":34}},"loc":{"start":{"line":785,"column":23},"end":{"line":793,"column":2}}},"45":{"name":"(anonymous_45)","decl":{"start":{"line":795,"column":31},"end":{"line":795,"column":32}},"loc":{"start":{"line":801,"column":23},"end":{"line":809,"column":2}}},"46":{"name":"(anonymous_46)","decl":{"start":{"line":813,"column":30},"end":{"line":813,"column":31}},"loc":{"start":{"line":819,"column":23},"end":{"line":837,"column":2}}},"47":{"name":"(anonymous_47)","decl":{"start":{"line":841,"column":33},"end":{"line":841,"column":34}},"loc":{"start":{"line":847,"column":23},"end":{"line":855,"column":2}}},"48":{"name":"(anonymous_48)","decl":{"start":{"line":858,"column":30},"end":{"line":858,"column":31}},"loc":{"start":{"line":864,"column":23},"end":{"line":873,"column":2}}},"49":{"name":"(anonymous_49)","decl":{"start":{"line":876,"column":30},"end":{"line":876,"column":31}},"loc":{"start":{"line":882,"column":23},"end":{"line":889,"column":2}}},"50":{"name":"(anonymous_50)","decl":{"start":{"line":892,"column":28},"end":{"line":892,"column":29}},"loc":{"start":{"line":898,"column":23},"end":{"line":905,"column":2}}},"51":{"name":"(anonymous_51)","decl":{"start":{"line":908,"column":38},"end":{"line":908,"column":39}},"loc":{"start":{"line":914,"column":23},"end":{"line":922,"column":2}}},"52":{"name":"(anonymous_52)","decl":{"start":{"line":925,"column":35},"end":{"line":925,"column":36}},"loc":{"start":{"line":931,"column":23},"end":{"line":939,"column":2}}}},"branchMap":{"0":{"loc":{"start":{"line":6,"column":2},"end":{"line":6,"column":17}},"type":"default-arg","locations":[{"start":{"line":6,"column":13},"end":{"line":6,"column":17}}]},"1":{"loc":{"start":{"line":7,"column":2},"end":{"line":7,"column":25}},"type":"default-arg","locations":[{"start":{"line":7,"column":19},"end":{"line":7,"column":25}}]},"2":{"loc":{"start":{"line":18,"column":2},"end":{"line":18,"column":17}},"type":"default-arg","locations":[{"start":{"line":18,"column":13},"end":{"line":18,"column":17}}]},"3":{"loc":{"start":{"line":19,"column":2},"end":{"line":19,"column":25}},"type":"default-arg","locations":[{"start":{"line":19,"column":19},"end":{"line":19,"column":25}}]},"4":{"loc":{"start":{"line":30,"column":2},"end":{"line":30,"column":19}},"type":"default-arg","locations":[{"start":{"line":30,"column":13},"end":{"line":30,"column":19}}]},"5":{"loc":{"start":{"line":31,"column":2},"end":{"line":31,"column":29}},"type":"default-arg","locations":[{"start":{"line":31,"column":19},"end":{"line":31,"column":29}}]},"6":{"loc":{"start":{"line":42,"column":2},"end":{"line":42,"column":19}},"type":"default-arg","locations":[{"start":{"line":42,"column":13},"end":{"line":42,"column":19}}]},"7":{"loc":{"start":{"line":43,"column":2},"end":{"line":43,"column":29}},"type":"default-arg","locations":[{"start":{"line":43,"column":19},"end":{"line":43,"column":29}}]},"8":{"loc":{"start":{"line":54,"column":2},"end":{"line":54,"column":19}},"type":"default-arg","locations":[{"start":{"line":54,"column":13},"end":{"line":54,"column":19}}]},"9":{"loc":{"start":{"line":55,"column":2},"end":{"line":55,"column":29}},"type":"default-arg","locations":[{"start":{"line":55,"column":19},"end":{"line":55,"column":29}}]},"10":{"loc":{"start":{"line":66,"column":2},"end":{"line":66,"column":19}},"type":"default-arg","locations":[{"start":{"line":66,"column":13},"end":{"line":66,"column":19}}]},"11":{"loc":{"start":{"line":67,"column":2},"end":{"line":67,"column":29}},"type":"default-arg","locations":[{"start":{"line":67,"column":19},"end":{"line":67,"column":29}}]},"12":{"loc":{"start":{"line":78,"column":2},"end":{"line":78,"column":17}},"type":"default-arg","locations":[{"start":{"line":78,"column":13},"end":{"line":78,"column":17}}]},"13":{"loc":{"start":{"line":79,"column":2},"end":{"line":79,"column":25}},"type":"default-arg","locations":[{"start":{"line":79,"column":19},"end":{"line":79,"column":25}}]},"14":{"loc":{"start":{"line":80,"column":2},"end":{"line":80,"column":29}},"type":"default-arg","locations":[{"start":{"line":80,"column":19},"end":{"line":80,"column":29}}]},"15":{"loc":{"start":{"line":96,"column":2},"end":{"line":96,"column":17}},"type":"default-arg","locations":[{"start":{"line":96,"column":13},"end":{"line":96,"column":17}}]},"16":{"loc":{"start":{"line":97,"column":2},"end":{"line":97,"column":27}},"type":"default-arg","locations":[{"start":{"line":97,"column":19},"end":{"line":97,"column":27}}]},"17":{"loc":{"start":{"line":98,"column":2},"end":{"line":98,"column":29}},"type":"default-arg","locations":[{"start":{"line":98,"column":19},"end":{"line":98,"column":29}}]},"18":{"loc":{"start":{"line":110,"column":2},"end":{"line":110,"column":17}},"type":"default-arg","locations":[{"start":{"line":110,"column":13},"end":{"line":110,"column":17}}]},"19":{"loc":{"start":{"line":111,"column":2},"end":{"line":111,"column":32}},"type":"default-arg","locations":[{"start":{"line":111,"column":19},"end":{"line":111,"column":32}}]},"20":{"loc":{"start":{"line":112,"column":2},"end":{"line":112,"column":29}},"type":"default-arg","locations":[{"start":{"line":112,"column":19},"end":{"line":112,"column":29}}]},"21":{"loc":{"start":{"line":125,"column":2},"end":{"line":125,"column":19}},"type":"default-arg","locations":[{"start":{"line":125,"column":13},"end":{"line":125,"column":19}}]},"22":{"loc":{"start":{"line":126,"column":2},"end":{"line":126,"column":29}},"type":"default-arg","locations":[{"start":{"line":126,"column":19},"end":{"line":126,"column":29}}]},"23":{"loc":{"start":{"line":137,"column":2},"end":{"line":137,"column":19}},"type":"default-arg","locations":[{"start":{"line":137,"column":13},"end":{"line":137,"column":19}}]},"24":{"loc":{"start":{"line":138,"column":2},"end":{"line":138,"column":29}},"type":"default-arg","locations":[{"start":{"line":138,"column":19},"end":{"line":138,"column":29}}]},"25":{"loc":{"start":{"line":149,"column":2},"end":{"line":149,"column":17}},"type":"default-arg","locations":[{"start":{"line":149,"column":13},"end":{"line":149,"column":17}}]},"26":{"loc":{"start":{"line":150,"column":2},"end":{"line":150,"column":29}},"type":"default-arg","locations":[{"start":{"line":150,"column":19},"end":{"line":150,"column":29}}]},"27":{"loc":{"start":{"line":162,"column":2},"end":{"line":162,"column":19}},"type":"default-arg","locations":[{"start":{"line":162,"column":13},"end":{"line":162,"column":19}}]},"28":{"loc":{"start":{"line":163,"column":2},"end":{"line":163,"column":29}},"type":"default-arg","locations":[{"start":{"line":163,"column":19},"end":{"line":163,"column":29}}]},"29":{"loc":{"start":{"line":183,"column":2},"end":{"line":183,"column":17}},"type":"default-arg","locations":[{"start":{"line":183,"column":13},"end":{"line":183,"column":17}}]},"30":{"loc":{"start":{"line":184,"column":2},"end":{"line":184,"column":29}},"type":"default-arg","locations":[{"start":{"line":184,"column":19},"end":{"line":184,"column":29}}]},"31":{"loc":{"start":{"line":199,"column":2},"end":{"line":199,"column":17}},"type":"default-arg","locations":[{"start":{"line":199,"column":13},"end":{"line":199,"column":17}}]},"32":{"loc":{"start":{"line":200,"column":2},"end":{"line":200,"column":32}},"type":"default-arg","locations":[{"start":{"line":200,"column":19},"end":{"line":200,"column":32}}]},"33":{"loc":{"start":{"line":215,"column":25},"end":{"line":215,"column":40}},"type":"default-arg","locations":[{"start":{"line":215,"column":36},"end":{"line":215,"column":40}}]},"34":{"loc":{"start":{"line":227,"column":23},"end":{"line":227,"column":38}},"type":"default-arg","locations":[{"start":{"line":227,"column":34},"end":{"line":227,"column":38}}]},"35":{"loc":{"start":{"line":242,"column":2},"end":{"line":242,"column":19}},"type":"default-arg","locations":[{"start":{"line":242,"column":13},"end":{"line":242,"column":19}}]},"36":{"loc":{"start":{"line":243,"column":2},"end":{"line":243,"column":29}},"type":"default-arg","locations":[{"start":{"line":243,"column":19},"end":{"line":243,"column":29}}]},"37":{"loc":{"start":{"line":257,"column":25},"end":{"line":257,"column":40}},"type":"default-arg","locations":[{"start":{"line":257,"column":36},"end":{"line":257,"column":40}}]},"38":{"loc":{"start":{"line":270,"column":26},"end":{"line":270,"column":41}},"type":"default-arg","locations":[{"start":{"line":270,"column":37},"end":{"line":270,"column":41}}]},"39":{"loc":{"start":{"line":284,"column":2},"end":{"line":284,"column":17}},"type":"default-arg","locations":[{"start":{"line":284,"column":13},"end":{"line":284,"column":17}}]},"40":{"loc":{"start":{"line":285,"column":2},"end":{"line":285,"column":29}},"type":"default-arg","locations":[{"start":{"line":285,"column":19},"end":{"line":285,"column":29}}]},"41":{"loc":{"start":{"line":309,"column":2},"end":{"line":309,"column":17}},"type":"default-arg","locations":[{"start":{"line":309,"column":13},"end":{"line":309,"column":17}}]},"42":{"loc":{"start":{"line":310,"column":2},"end":{"line":310,"column":28}},"type":"default-arg","locations":[{"start":{"line":310,"column":19},"end":{"line":310,"column":28}}]},"43":{"loc":{"start":{"line":330,"column":2},"end":{"line":330,"column":17}},"type":"default-arg","locations":[{"start":{"line":330,"column":13},"end":{"line":330,"column":17}}]},"44":{"loc":{"start":{"line":331,"column":2},"end":{"line":331,"column":32}},"type":"default-arg","locations":[{"start":{"line":331,"column":19},"end":{"line":331,"column":32}}]},"45":{"loc":{"start":{"line":365,"column":2},"end":{"line":365,"column":17}},"type":"default-arg","locations":[{"start":{"line":365,"column":13},"end":{"line":365,"column":17}}]},"46":{"loc":{"start":{"line":366,"column":2},"end":{"line":366,"column":25}},"type":"default-arg","locations":[{"start":{"line":366,"column":19},"end":{"line":366,"column":25}}]},"47":{"loc":{"start":{"line":390,"column":2},"end":{"line":390,"column":17}},"type":"default-arg","locations":[{"start":{"line":390,"column":13},"end":{"line":390,"column":17}}]},"48":{"loc":{"start":{"line":391,"column":2},"end":{"line":391,"column":28}},"type":"default-arg","locations":[{"start":{"line":391,"column":19},"end":{"line":391,"column":28}}]},"49":{"loc":{"start":{"line":411,"column":2},"end":{"line":411,"column":17}},"type":"default-arg","locations":[{"start":{"line":411,"column":13},"end":{"line":411,"column":17}}]},"50":{"loc":{"start":{"line":412,"column":2},"end":{"line":412,"column":28}},"type":"default-arg","locations":[{"start":{"line":412,"column":19},"end":{"line":412,"column":28}}]},"51":{"loc":{"start":{"line":432,"column":2},"end":{"line":432,"column":17}},"type":"default-arg","locations":[{"start":{"line":432,"column":13},"end":{"line":432,"column":17}}]},"52":{"loc":{"start":{"line":433,"column":2},"end":{"line":433,"column":29}},"type":"default-arg","locations":[{"start":{"line":433,"column":19},"end":{"line":433,"column":29}}]},"53":{"loc":{"start":{"line":460,"column":2},"end":{"line":460,"column":17}},"type":"default-arg","locations":[{"start":{"line":460,"column":13},"end":{"line":460,"column":17}}]},"54":{"loc":{"start":{"line":461,"column":2},"end":{"line":461,"column":29}},"type":"default-arg","locations":[{"start":{"line":461,"column":19},"end":{"line":461,"column":29}}]},"55":{"loc":{"start":{"line":481,"column":2},"end":{"line":481,"column":17}},"type":"default-arg","locations":[{"start":{"line":481,"column":13},"end":{"line":481,"column":17}}]},"56":{"loc":{"start":{"line":482,"column":2},"end":{"line":482,"column":29}},"type":"default-arg","locations":[{"start":{"line":482,"column":19},"end":{"line":482,"column":29}}]},"57":{"loc":{"start":{"line":501,"column":2},"end":{"line":501,"column":17}},"type":"default-arg","locations":[{"start":{"line":501,"column":13},"end":{"line":501,"column":17}}]},"58":{"loc":{"start":{"line":502,"column":2},"end":{"line":502,"column":29}},"type":"default-arg","locations":[{"start":{"line":502,"column":19},"end":{"line":502,"column":29}}]},"59":{"loc":{"start":{"line":519,"column":2},"end":{"line":519,"column":17}},"type":"default-arg","locations":[{"start":{"line":519,"column":13},"end":{"line":519,"column":17}}]},"60":{"loc":{"start":{"line":520,"column":2},"end":{"line":520,"column":29}},"type":"default-arg","locations":[{"start":{"line":520,"column":19},"end":{"line":520,"column":29}}]},"61":{"loc":{"start":{"line":537,"column":2},"end":{"line":537,"column":20}},"type":"default-arg","locations":[{"start":{"line":537,"column":13},"end":{"line":537,"column":20}}]},"62":{"loc":{"start":{"line":538,"column":2},"end":{"line":538,"column":28}},"type":"default-arg","locations":[{"start":{"line":538,"column":19},"end":{"line":538,"column":28}}]},"63":{"loc":{"start":{"line":561,"column":2},"end":{"line":561,"column":20}},"type":"default-arg","locations":[{"start":{"line":561,"column":13},"end":{"line":561,"column":20}}]},"64":{"loc":{"start":{"line":562,"column":2},"end":{"line":562,"column":29}},"type":"default-arg","locations":[{"start":{"line":562,"column":19},"end":{"line":562,"column":29}}]},"65":{"loc":{"start":{"line":585,"column":2},"end":{"line":585,"column":19}},"type":"default-arg","locations":[{"start":{"line":585,"column":13},"end":{"line":585,"column":19}}]},"66":{"loc":{"start":{"line":586,"column":2},"end":{"line":586,"column":28}},"type":"default-arg","locations":[{"start":{"line":586,"column":19},"end":{"line":586,"column":28}}]},"67":{"loc":{"start":{"line":601,"column":2},"end":{"line":601,"column":19}},"type":"default-arg","locations":[{"start":{"line":601,"column":13},"end":{"line":601,"column":19}}]},"68":{"loc":{"start":{"line":602,"column":2},"end":{"line":602,"column":28}},"type":"default-arg","locations":[{"start":{"line":602,"column":19},"end":{"line":602,"column":28}}]},"69":{"loc":{"start":{"line":617,"column":2},"end":{"line":617,"column":17}},"type":"default-arg","locations":[{"start":{"line":617,"column":13},"end":{"line":617,"column":17}}]},"70":{"loc":{"start":{"line":618,"column":2},"end":{"line":618,"column":29}},"type":"default-arg","locations":[{"start":{"line":618,"column":19},"end":{"line":618,"column":29}}]},"71":{"loc":{"start":{"line":638,"column":2},"end":{"line":638,"column":17}},"type":"default-arg","locations":[{"start":{"line":638,"column":13},"end":{"line":638,"column":17}}]},"72":{"loc":{"start":{"line":639,"column":2},"end":{"line":639,"column":28}},"type":"default-arg","locations":[{"start":{"line":639,"column":19},"end":{"line":639,"column":28}}]},"73":{"loc":{"start":{"line":660,"column":2},"end":{"line":660,"column":17}},"type":"default-arg","locations":[{"start":{"line":660,"column":13},"end":{"line":660,"column":17}}]},"74":{"loc":{"start":{"line":661,"column":2},"end":{"line":661,"column":28}},"type":"default-arg","locations":[{"start":{"line":661,"column":19},"end":{"line":661,"column":28}}]},"75":{"loc":{"start":{"line":678,"column":2},"end":{"line":678,"column":17}},"type":"default-arg","locations":[{"start":{"line":678,"column":13},"end":{"line":678,"column":17}}]},"76":{"loc":{"start":{"line":679,"column":2},"end":{"line":679,"column":28}},"type":"default-arg","locations":[{"start":{"line":679,"column":19},"end":{"line":679,"column":28}}]},"77":{"loc":{"start":{"line":700,"column":2},"end":{"line":700,"column":17}},"type":"default-arg","locations":[{"start":{"line":700,"column":13},"end":{"line":700,"column":17}}]},"78":{"loc":{"start":{"line":701,"column":2},"end":{"line":701,"column":27}},"type":"default-arg","locations":[{"start":{"line":701,"column":19},"end":{"line":701,"column":27}}]},"79":{"loc":{"start":{"line":702,"column":2},"end":{"line":702,"column":29}},"type":"default-arg","locations":[{"start":{"line":702,"column":19},"end":{"line":702,"column":29}}]},"80":{"loc":{"start":{"line":715,"column":2},"end":{"line":715,"column":17}},"type":"default-arg","locations":[{"start":{"line":715,"column":13},"end":{"line":715,"column":17}}]},"81":{"loc":{"start":{"line":716,"column":2},"end":{"line":716,"column":27}},"type":"default-arg","locations":[{"start":{"line":716,"column":19},"end":{"line":716,"column":27}}]},"82":{"loc":{"start":{"line":717,"column":2},"end":{"line":717,"column":24}},"type":"default-arg","locations":[{"start":{"line":717,"column":14},"end":{"line":717,"column":24}}]},"83":{"loc":{"start":{"line":718,"column":2},"end":{"line":718,"column":24}},"type":"default-arg","locations":[{"start":{"line":718,"column":9},"end":{"line":718,"column":24}}]},"84":{"loc":{"start":{"line":719,"column":2},"end":{"line":719,"column":24}},"type":"default-arg","locations":[{"start":{"line":719,"column":7},"end":{"line":719,"column":24}}]},"85":{"loc":{"start":{"line":731,"column":2},"end":{"line":731,"column":18}},"type":"default-arg","locations":[{"start":{"line":731,"column":13},"end":{"line":731,"column":18}}]},"86":{"loc":{"start":{"line":732,"column":2},"end":{"line":732,"column":12}},"type":"default-arg","locations":[{"start":{"line":732,"column":10},"end":{"line":732,"column":12}}]},"87":{"loc":{"start":{"line":733,"column":2},"end":{"line":733,"column":20}},"type":"default-arg","locations":[{"start":{"line":733,"column":19},"end":{"line":733,"column":20}}]},"88":{"loc":{"start":{"line":734,"column":2},"end":{"line":734,"column":11}},"type":"default-arg","locations":[{"start":{"line":734,"column":10},"end":{"line":734,"column":11}}]},"89":{"loc":{"start":{"line":746,"column":2},"end":{"line":746,"column":20}},"type":"default-arg","locations":[{"start":{"line":746,"column":13},"end":{"line":746,"column":20}}]},"90":{"loc":{"start":{"line":747,"column":2},"end":{"line":747,"column":29}},"type":"default-arg","locations":[{"start":{"line":747,"column":19},"end":{"line":747,"column":29}}]},"91":{"loc":{"start":{"line":748,"column":2},"end":{"line":748,"column":29}},"type":"default-arg","locations":[{"start":{"line":748,"column":19},"end":{"line":748,"column":29}}]},"92":{"loc":{"start":{"line":749,"column":2},"end":{"line":749,"column":17}},"type":"default-arg","locations":[{"start":{"line":749,"column":10},"end":{"line":749,"column":17}}]},"93":{"loc":{"start":{"line":764,"column":2},"end":{"line":764,"column":19}},"type":"default-arg","locations":[{"start":{"line":764,"column":13},"end":{"line":764,"column":19}}]},"94":{"loc":{"start":{"line":765,"column":2},"end":{"line":765,"column":25}},"type":"default-arg","locations":[{"start":{"line":765,"column":19},"end":{"line":765,"column":25}}]},"95":{"loc":{"start":{"line":766,"column":2},"end":{"line":766,"column":23}},"type":"default-arg","locations":[{"start":{"line":766,"column":13},"end":{"line":766,"column":23}}]},"96":{"loc":{"start":{"line":767,"column":2},"end":{"line":767,"column":17}},"type":"default-arg","locations":[{"start":{"line":767,"column":10},"end":{"line":767,"column":17}}]},"97":{"loc":{"start":{"line":780,"column":2},"end":{"line":780,"column":19}},"type":"default-arg","locations":[{"start":{"line":780,"column":13},"end":{"line":780,"column":19}}]},"98":{"loc":{"start":{"line":781,"column":2},"end":{"line":781,"column":29}},"type":"default-arg","locations":[{"start":{"line":781,"column":19},"end":{"line":781,"column":29}}]},"99":{"loc":{"start":{"line":782,"column":2},"end":{"line":782,"column":23}},"type":"default-arg","locations":[{"start":{"line":782,"column":13},"end":{"line":782,"column":23}}]},"100":{"loc":{"start":{"line":783,"column":2},"end":{"line":783,"column":17}},"type":"default-arg","locations":[{"start":{"line":783,"column":10},"end":{"line":783,"column":17}}]},"101":{"loc":{"start":{"line":796,"column":2},"end":{"line":796,"column":19}},"type":"default-arg","locations":[{"start":{"line":796,"column":13},"end":{"line":796,"column":19}}]},"102":{"loc":{"start":{"line":797,"column":2},"end":{"line":797,"column":25}},"type":"default-arg","locations":[{"start":{"line":797,"column":19},"end":{"line":797,"column":25}}]},"103":{"loc":{"start":{"line":798,"column":2},"end":{"line":798,"column":23}},"type":"default-arg","locations":[{"start":{"line":798,"column":13},"end":{"line":798,"column":23}}]},"104":{"loc":{"start":{"line":799,"column":2},"end":{"line":799,"column":17}},"type":"default-arg","locations":[{"start":{"line":799,"column":10},"end":{"line":799,"column":17}}]},"105":{"loc":{"start":{"line":814,"column":2},"end":{"line":814,"column":17}},"type":"default-arg","locations":[{"start":{"line":814,"column":13},"end":{"line":814,"column":17}}]},"106":{"loc":{"start":{"line":815,"column":2},"end":{"line":815,"column":27}},"type":"default-arg","locations":[{"start":{"line":815,"column":19},"end":{"line":815,"column":27}}]},"107":{"loc":{"start":{"line":816,"column":2},"end":{"line":816,"column":24}},"type":"default-arg","locations":[{"start":{"line":816,"column":13},"end":{"line":816,"column":24}}]},"108":{"loc":{"start":{"line":817,"column":2},"end":{"line":817,"column":51}},"type":"default-arg","locations":[{"start":{"line":817,"column":10},"end":{"line":817,"column":51}}]},"109":{"loc":{"start":{"line":842,"column":2},"end":{"line":842,"column":17}},"type":"default-arg","locations":[{"start":{"line":842,"column":13},"end":{"line":842,"column":17}}]},"110":{"loc":{"start":{"line":843,"column":2},"end":{"line":843,"column":27}},"type":"default-arg","locations":[{"start":{"line":843,"column":19},"end":{"line":843,"column":27}}]},"111":{"loc":{"start":{"line":844,"column":2},"end":{"line":844,"column":23}},"type":"default-arg","locations":[{"start":{"line":844,"column":13},"end":{"line":844,"column":23}}]},"112":{"loc":{"start":{"line":845,"column":2},"end":{"line":845,"column":19}},"type":"default-arg","locations":[{"start":{"line":845,"column":10},"end":{"line":845,"column":19}}]},"113":{"loc":{"start":{"line":859,"column":2},"end":{"line":859,"column":17}},"type":"default-arg","locations":[{"start":{"line":859,"column":13},"end":{"line":859,"column":17}}]},"114":{"loc":{"start":{"line":860,"column":2},"end":{"line":860,"column":27}},"type":"default-arg","locations":[{"start":{"line":860,"column":19},"end":{"line":860,"column":27}}]},"115":{"loc":{"start":{"line":861,"column":2},"end":{"line":861,"column":23}},"type":"default-arg","locations":[{"start":{"line":861,"column":13},"end":{"line":861,"column":23}}]},"116":{"loc":{"start":{"line":862,"column":2},"end":{"line":862,"column":21}},"type":"default-arg","locations":[{"start":{"line":862,"column":10},"end":{"line":862,"column":21}}]},"117":{"loc":{"start":{"line":877,"column":2},"end":{"line":877,"column":17}},"type":"default-arg","locations":[{"start":{"line":877,"column":13},"end":{"line":877,"column":17}}]},"118":{"loc":{"start":{"line":878,"column":2},"end":{"line":878,"column":27}},"type":"default-arg","locations":[{"start":{"line":878,"column":19},"end":{"line":878,"column":27}}]},"119":{"loc":{"start":{"line":879,"column":2},"end":{"line":879,"column":21}},"type":"default-arg","locations":[{"start":{"line":879,"column":13},"end":{"line":879,"column":21}}]},"120":{"loc":{"start":{"line":880,"column":2},"end":{"line":880,"column":31}},"type":"default-arg","locations":[{"start":{"line":880,"column":10},"end":{"line":880,"column":31}}]},"121":{"loc":{"start":{"line":893,"column":2},"end":{"line":893,"column":17}},"type":"default-arg","locations":[{"start":{"line":893,"column":13},"end":{"line":893,"column":17}}]},"122":{"loc":{"start":{"line":894,"column":2},"end":{"line":894,"column":27}},"type":"default-arg","locations":[{"start":{"line":894,"column":19},"end":{"line":894,"column":27}}]},"123":{"loc":{"start":{"line":895,"column":2},"end":{"line":895,"column":24}},"type":"default-arg","locations":[{"start":{"line":895,"column":13},"end":{"line":895,"column":24}}]},"124":{"loc":{"start":{"line":896,"column":2},"end":{"line":896,"column":17}},"type":"default-arg","locations":[{"start":{"line":896,"column":10},"end":{"line":896,"column":17}}]},"125":{"loc":{"start":{"line":909,"column":2},"end":{"line":909,"column":17}},"type":"default-arg","locations":[{"start":{"line":909,"column":13},"end":{"line":909,"column":17}}]},"126":{"loc":{"start":{"line":910,"column":2},"end":{"line":910,"column":27}},"type":"default-arg","locations":[{"start":{"line":910,"column":19},"end":{"line":910,"column":27}}]},"127":{"loc":{"start":{"line":911,"column":2},"end":{"line":911,"column":24}},"type":"default-arg","locations":[{"start":{"line":911,"column":13},"end":{"line":911,"column":24}}]},"128":{"loc":{"start":{"line":912,"column":2},"end":{"line":912,"column":17}},"type":"default-arg","locations":[{"start":{"line":912,"column":10},"end":{"line":912,"column":17}}]},"129":{"loc":{"start":{"line":926,"column":2},"end":{"line":926,"column":19}},"type":"default-arg","locations":[{"start":{"line":926,"column":13},"end":{"line":926,"column":19}}]},"130":{"loc":{"start":{"line":927,"column":2},"end":{"line":927,"column":25}},"type":"default-arg","locations":[{"start":{"line":927,"column":19},"end":{"line":927,"column":25}}]},"131":{"loc":{"start":{"line":928,"column":2},"end":{"line":928,"column":18}},"type":"default-arg","locations":[{"start":{"line":928,"column":13},"end":{"line":928,"column":18}}]},"132":{"loc":{"start":{"line":929,"column":2},"end":{"line":929,"column":31}},"type":"default-arg","locations":[{"start":{"line":929,"column":10},"end":{"line":929,"column":31}}]}},"s":{"0":0,"1":0,"2":0,"3":0,"4":0,"5":0,"6":0,"7":0,"8":0,"9":0,"10":0,"11":0,"12":0,"13":0,"14":0,"15":0,"16":0,"17":0,"18":0,"19":0,"20":0,"21":0,"22":0,"23":0,"24":0,"25":0,"26":0,"27":0,"28":0,"29":0,"30":0,"31":0,"32":0,"33":0,"34":0,"35":0,"36":0,"37":0,"38":0,"39":0,"40":0,"41":0,"42":0,"43":0,"44":0,"45":0,"46":0,"47":0,"48":0,"49":0,"50":0,"51":0,"52":0,"53":0,"54":0,"55":0,"56":0,"57":0,"58":0,"59":0,"60":0,"61":0,"62":0,"63":0,"64":0,"65":0,"66":0,"67":0,"68":0,"69":0,"70":0,"71":0,"72":0,"73":0,"74":0,"75":0,"76":0,"77":0,"78":0,"79":0,"80":0,"81":0,"82":0,"83":0,"84":0,"85":0,"86":0,"87":0,"88":0,"89":0,"90":0,"91":0,"92":0,"93":0,"94":0,"95":0,"96":0,"97":0,"98":0,"99":0,"100":0,"101":0,"102":0,"103":0,"104":0,"105":0,"106":0,"107":0,"108":0,"109":0,"110":0,"111":0,"112":0,"113":0,"114":0,"115":0,"116":0,"117":0,"118":0,"119":0,"120":0,"121":0,"122":0,"123":0,"124":0,"125":0,"126":0,"127":0,"128":0,"129":0,"130":0,"131":0,"132":0,"133":0,"134":0,"135":0,"136":0,"137":0,"138":0,"139":0,"140":0,"141":0,"142":0,"143":0,"144":0,"145":0,"146":0,"147":0,"148":0,"149":0,"150":0,"151":0,"152":0,"153":0,"154":0,"155":0,"156":0,"157":0,"158":0},"f":{"0":0,"1":0,"2":0,"3":0,"4":0,"5":0,"6":0,"7":0,"8":0,"9":0,"10":0,"11":0,"12":0,"13":0,"14":0,"15":0,"16":0,"17":0,"18":0,"19":0,"20":0,"21":0,"22":0,"23":0,"24":0,"25":0,"26":0,"27":0,"28":0,"29":0,"30":0,"31":0,"32":0,"33":0,"34":0,"35":0,"36":0,"37":0,"38":0,"39":0,"40":0,"41":0,"42":0,"43":0,"44":0,"45":0,"46":0,"47":0,"48":0,"49":0,"50":0,"51":0,"52":0},"b":{"0":[0],"1":[0],"2":[0],"3":[0],"4":[0],"5":[0],"6":[0],"7":[0],"8":[0],"9":[0],"10":[0],"11":[0],"12":[0],"13":[0],"14":[0],"15":[0],"16":[0],"17":[0],"18":[0],"19":[0],"20":[0],"21":[0],"22":[0],"23":[0],"24":[0],"25":[0],"26":[0],"27":[0],"28":[0],"29":[0],"30":[0],"31":[0],"32":[0],"33":[0],"34":[0],"35":[0],"36":[0],"37":[0],"38":[0],"39":[0],"40":[0],"41":[0],"42":[0],"43":[0],"44":[0],"45":[0],"46":[0],"47":[0],"48":[0],"49":[0],"50":[0],"51":[0],"52":[0],"53":[0],"54":[0],"55":[0],"56":[0],"57":[0],"58":[0],"59":[0],"60":[0],"61":[0],"62":[0],"63":[0],"64":[0],"65":[0],"66":[0],"67":[0],"68":[0],"69":[0],"70":[0],"71":[0],"72":[0],"73":[0],"74":[0],"75":[0],"76":[0],"77":[0],"78":[0],"79":[0],"80":[0],"81":[0],"82":[0],"83":[0],"84":[0],"85":[0],"86":[0],"87":[0],"88":[0],"89":[0],"90":[0],"91":[0],"92":[0],"93":[0],"94":[0],"95":[0],"96":[0],"97":[0],"98":[0],"99":[0],"100":[0],"101":[0],"102":[0],"103":[0],"104":[0],"105":[0],"106":[0],"107":[0],"108":[0],"109":[0],"110":[0],"111":[0],"112":[0],"113":[0],"114":[0],"115":[0],"116":[0],"117":[0],"118":[0],"119":[0],"120":[0],"121":[0],"122":[0],"123":[0],"124":[0],"125":[0],"126":[0],"127":[0],"128":[0],"129":[0],"130":[0],"131":[0],"132":[0]}}
,"/home/user/app-studio/src/element/Element.tsx": {"path":"/home/user/app-studio/src/element/Element.tsx","statementMap":{"0":{"start":{"line":1,"column":0},"end":{"line":1,"column":null}},"1":{"start":{"line":9,"column":0},"end":{"line":9,"column":61}},"2":{"start":{"line":10,"column":0},"end":{"line":10,"column":63}},"3":{"start":{"line":12,"column":0},"end":{"line":12,"column":45}},"4":{"start":{"line":13,"column":0},"end":{"line":13,"column":79}},"5":{"start":{"line":14,"column":0},"end":{"line":14,"column":62}},"6":{"start":{"line":16,"column":0},"end":{"line":16,"column":54}},"7":{"start":{"line":119,"column":13},"end":{"line":251,"column":2}},"8":{"start":{"line":122,"column":6},"end":{"line":124,"column":7}},"9":{"start":{"line":123,"column":8},"end":{"line":123,"column":33}},"10":{"start":{"line":126,"column":35},"end":{"line":126,"column":40}},"11":{"start":{"line":127,"column":25},"end":{"line":127,"column":57}},"12":{"start":{"line":128,"column":21},"end":{"line":137,"column":null}},"13":{"start":{"line":130,"column":10},"end":{"line":130,"column":36}},"14":{"start":{"line":131,"column":10},"end":{"line":135,"column":11}},"15":{"start":{"line":132,"column":12},"end":{"line":132,"column":22}},"16":{"start":{"line":133,"column":17},"end":{"line":135,"column":11}},"17":{"start":{"line":134,"column":13},"end":{"line":134,"column":79}},"18":{"start":{"line":139,"column":34},"end":{"line":139,"column":44}},"19":{"start":{"line":140,"column":29},"end":{"line":140,"column":43}},"20":{"start":{"line":141,"column":40},"end":{"line":141,"column":62}},"21":{"start":{"line":143,"column":6},"end":{"line":149,"column":22}},"22":{"start":{"line":144,"column":8},"end":{"line":148,"column":9}},"23":{"start":{"line":145,"column":29},"end":{"line":145,"column":79}},"24":{"start":{"line":146,"column":25},"end":{"line":146,"column":69}},"25":{"start":{"line":147,"column":10},"end":{"line":147,"column":58}},"26":{"start":{"line":151,"column":6},"end":{"line":162,"column":23}},"27":{"start":{"line":152,"column":21},"end":{"line":152,"column":39}},"28":{"start":{"line":153,"column":8},"end":{"line":161,"column":10}},"29":{"start":{"line":154,"column":10},"end":{"line":160,"column":11}},"30":{"start":{"line":155,"column":31},"end":{"line":157,"column":28}},"31":{"start":{"line":158,"column":27},"end":{"line":158,"column":71}},"32":{"start":{"line":159,"column":12},"end":{"line":159,"column":46}},"33":{"start":{"line":164,"column":29},"end":{"line":178,"column":null}},"34":{"start":{"line":166,"column":10},"end":{"line":176,"column":null}},"35":{"start":{"line":169,"column":14},"end":{"line":173,"column":17}},"36":{"start":{"line":181,"column":28},"end":{"line":181,"column":43}},"37":{"start":{"line":182,"column":6},"end":{"line":184,"column":7}},"38":{"start":{"line":183,"column":8},"end":{"line":183,"column":35}},"39":{"start":{"line":186,"column":6},"end":{"line":188,"column":7}},"40":{"start":{"line":187,"column":8},"end":{"line":187,"column":54}},"41":{"start":{"line":191,"column":6},"end":{"line":218,"column":7}},"42":{"start":{"line":193,"column":8},"end":{"line":200,"column":9}},"43":{"start":{"line":194,"column":10},"end":{"line":194,"column":29}},"44":{"start":{"line":196,"column":10},"end":{"line":199,"column":18}},"45":{"start":{"line":202,"column":8},"end":{"line":204,"column":9}},"46":{"start":{"line":203,"column":10},"end":{"line":203,"column":46}},"47":{"start":{"line":205,"column":8},"end":{"line":214,"column":10}},"48":{"start":{"line":206,"column":10},"end":{"line":210,"column":13}},"49":{"start":{"line":211,"column":10},"end":{"line":213,"column":11}},"50":{"start":{"line":212,"column":12},"end":{"line":212,"column":33}},"51":{"start":{"line":215,"column":13},"end":{"line":218,"column":7}},"52":{"start":{"line":217,"column":8},"end":{"line":217,"column":41}},"53":{"start":{"line":220,"column":49},"end":{"line":220,"column":53}},"54":{"start":{"line":223,"column":6},"end":{"line":231,"column":9}},"55":{"start":{"line":224,"column":8},"end":{"line":230,"column":9}},"56":{"start":{"line":229,"column":10},"end":{"line":229,"column":51}},"57":{"start":{"line":234,"column":6},"end":{"line":241,"column":9}},"58":{"start":{"line":235,"column":8},"end":{"line":240,"column":9}},"59":{"start":{"line":239,"column":10},"end":{"line":239,"column":51}},"60":{"start":{"line":243,"column":6},"end":{"line":245,"column":7}},"61":{"start":{"line":244,"column":8},"end":{"line":244,"column":31}},"62":{"start":{"line":247,"column":24},"end":{"line":247,"column":26}},"63":{"start":{"line":248,"column":6},"end":{"line":248,"column":61}}},"fnMap":{"0":{"name":"(anonymous_0)","decl":{"start":{"line":121,"column":4},"end":{"line":121,"column":5}},"loc":{"start":{"line":121,"column":75},"end":{"line":249,"column":5}}},"1":{"name":"(anonymous_1)","decl":{"start":{"line":129,"column":8},"end":{"line":129,"column":9}},"loc":{"start":{"line":129,"column":37},"end":{"line":136,"column":9}}},"2":{"name":"(anonymous_2)","decl":{"start":{"line":143,"column":16},"end":{"line":143,"column":19}},"loc":{"start":{"line":143,"column":21},"end":{"line":149,"column":7}}},"3":{"name":"(anonymous_3)","decl":{"start":{"line":151,"column":16},"end":{"line":151,"column":19}},"loc":{"start":{"line":151,"column":21},"end":{"line":162,"column":7}}},"4":{"name":"(anonymous_4)","decl":{"start":{"line":153,"column":15},"end":{"line":153,"column":18}},"loc":{"start":{"line":153,"column":20},"end":{"line":161,"column":9}}},"5":{"name":"(anonymous_5)","decl":{"start":{"line":165,"column":8},"end":{"line":165,"column":11}},"loc":{"start":{"line":166,"column":10},"end":{"line":176,"column":null}}},"6":{"name":"(anonymous_6)","decl":{"start":{"line":168,"column":12},"end":{"line":168,"column":13}},"loc":{"start":{"line":168,"column":30},"end":{"line":174,"column":13}}},"7":{"name":"(anonymous_7)","decl":{"start":{"line":205,"column":27},"end":{"line":205,"column":28}},"loc":{"start":{"line":205,"column":42},"end":{"line":214,"column":9}}},"8":{"name":"(anonymous_8)","decl":{"start":{"line":223,"column":38},"end":{"line":223,"column":39}},"loc":{"start":{"line":223,"column":46},"end":{"line":231,"column":7}}},"9":{"name":"(anonymous_9)","decl":{"start":{"line":234,"column":38},"end":{"line":234,"column":39}},"loc":{"start":{"line":234,"column":46},"end":{"line":241,"column":7}}}},"branchMap":{"0":{"loc":{"start":{"line":121,"column":7},"end":{"line":121,"column":17}},"type":"default-arg","locations":[{"start":{"line":121,"column":12},"end":{"line":121,"column":17}}]},"1":{"loc":{"start":{"line":122,"column":6},"end":{"line":124,"column":7}},"type":"if","locations":[{"start":{"line":122,"column":6},"end":{"line":124,"column":7}}]},"2":{"loc":{"start":{"line":122,"column":10},"end":{"line":122,"column":71}},"type":"binary-expr","locations":[{"start":{"line":122,"column":11},"end":{"line":122,"column":24}},{"start":{"line":122,"column":28},"end":{"line":122,"column":41}},{"start":{"line":122,"column":46},"end":{"line":122,"column":71}}]},"3":{"loc":{"start":{"line":131,"column":10},"end":{"line":135,"column":11}},"type":"if","locations":[{"start":{"line":131,"column":10},"end":{"line":135,"column":11}},{"start":{"line":133,"column":17},"end":{"line":135,"column":11}}]},"4":{"loc":{"start":{"line":133,"column":17},"end":{"line":135,"column":11}},"type":"if","locations":[{"start":{"line":133,"column":17},"end":{"line":135,"column":11}}]},"5":{"loc":{"start":{"line":144,"column":8},"end":{"line":148,"column":9}},"type":"if","locations":[{"start":{"line":144,"column":8},"end":{"line":148,"column":9}}]},"6":{"loc":{"start":{"line":144,"column":12},"end":{"line":144,"column":43}},"type":"binary-expr","locations":[{"start":{"line":144,"column":12},"end":{"line":144,"column":21}},{"start":{"line":144,"column":25},"end":{"line":144,"column":43}}]},"7":{"loc":{"start":{"line":145,"column":29},"end":{"line":145,"column":79}},"type":"cond-expr","locations":[{"start":{"line":145,"column":56},"end":{"line":145,"column":65}},{"start":{"line":145,"column":68},"end":{"line":145,"column":79}}]},"8":{"loc":{"start":{"line":154,"column":10},"end":{"line":160,"column":11}},"type":"if","locations":[{"start":{"line":154,"column":10},"end":{"line":160,"column":11}}]},"9":{"loc":{"start":{"line":154,"column":14},"end":{"line":154,"column":32}},"type":"binary-expr","locations":[{"start":{"line":154,"column":14},"end":{"line":154,"column":24}},{"start":{"line":154,"column":28},"end":{"line":154,"column":32}}]},"10":{"loc":{"start":{"line":155,"column":31},"end":{"line":157,"column":28}},"type":"cond-expr","locations":[{"start":{"line":156,"column":16},"end":{"line":156,"column":26}},{"start":{"line":157,"column":16},"end":{"line":157,"column":28}}]},"11":{"loc":{"start":{"line":182,"column":6},"end":{"line":184,"column":7}},"type":"if","locations":[{"start":{"line":182,"column":6},"end":{"line":184,"column":7}}]},"12":{"loc":{"start":{"line":186,"column":6},"end":{"line":188,"column":7}},"type":"if","locations":[{"start":{"line":186,"column":6},"end":{"line":188,"column":7}}]},"13":{"loc":{"start":{"line":191,"column":6},"end":{"line":218,"column":7}},"type":"if","locations":[{"start":{"line":191,"column":6},"end":{"line":218,"column":7}},{"start":{"line":215,"column":13},"end":{"line":218,"column":7}}]},"14":{"loc":{"start":{"line":191,"column":10},"end":{"line":191,"column":37}},"type":"binary-expr","locations":[{"start":{"line":191,"column":10},"end":{"line":191,"column":20}},{"start":{"line":191,"column":24},"end":{"line":191,"column":37}}]},"15":{"loc":{"start":{"line":193,"column":8},"end":{"line":200,"column":9}},"type":"if","locations":[{"start":{"line":193,"column":8},"end":{"line":200,"column":9}},{"start":{"line":195,"column":15},"end":{"line":200,"column":9}}]},"16":{"loc":{"start":{"line":197,"column":13},"end":{"line":199,"column":17}},"type":"binary-expr","locations":[{"start":{"line":197,"column":13},"end":{"line":197,"column":56}},{"start":{"line":198,"column":13},"end":{"line":198,"column":49}},{"start":{"line":199,"column":12},"end":{"line":199,"column":17}}]},"17":{"loc":{"start":{"line":202,"column":8},"end":{"line":204,"column":9}},"type":"if","locations":[{"start":{"line":202,"column":8},"end":{"line":204,"column":9}}]},"18":{"loc":{"start":{"line":208,"column":20},"end":{"line":208,"column":71}},"type":"cond-expr","locations":[{"start":{"line":208,"column":46},"end":{"line":208,"column":59}},{"start":{"line":208,"column":62},"end":{"line":208,"column":71}}]},"19":{"loc":{"start":{"line":211,"column":10},"end":{"line":213,"column":11}},"type":"if","locations":[{"start":{"line":211,"column":10},"end":{"line":213,"column":11}}]},"20":{"loc":{"start":{"line":215,"column":13},"end":{"line":218,"column":7}},"type":"if","locations":[{"start":{"line":215,"column":13},"end":{"line":218,"column":7}}]},"21":{"loc":{"start":{"line":215,"column":17},"end":{"line":215,"column":42}},"type":"binary-expr","locations":[{"start":{"line":215,"column":17},"end":{"line":215,"column":30}},{"start":{"line":215,"column":34},"end":{"line":215,"column":42}}]},"22":{"loc":{"start":{"line":224,"column":8},"end":{"line":230,"column":9}},"type":"if","locations":[{"start":{"line":224,"column":8},"end":{"line":230,"column":9}}]},"23":{"loc":{"start":{"line":225,"column":10},"end":{"line":227,"column":41}},"type":"binary-expr","locations":[{"start":{"line":225,"column":10},"end":{"line":225,"column":30}},{"start":{"line":226,"column":10},"end":{"line":226,"column":24}},{"start":{"line":227,"column":10},"end":{"line":227,"column":41}}]},"24":{"loc":{"start":{"line":235,"column":8},"end":{"line":240,"column":9}},"type":"if","locations":[{"start":{"line":235,"column":8},"end":{"line":240,"column":9}}]},"25":{"loc":{"start":{"line":236,"column":10},"end":{"line":237,"column":30}},"type":"binary-expr","locations":[{"start":{"line":236,"column":11},"end":{"line":236,"column":33}},{"start":{"line":236,"column":37},"end":{"line":236,"column":54}},{"start":{"line":237,"column":10},"end":{"line":237,"column":30}}]},"26":{"loc":{"start":{"line":243,"column":6},"end":{"line":245,"column":7}},"type":"if","locations":[{"start":{"line":243,"column":6},"end":{"line":245,"column":7}}]}},"s":{"0":0,"1":0,"2":0,"3":0,"4":0,"5":0,"6":0,"7":0,"8":0,"9":0,"10":0,"11":0,"12":0,"13":0,"14":0,"15":0,"16":0,"17":0,"18":0,"19":0,"20":0,"21":0,"22":0,"23":0,"24":0,"25":0,"26":0,"27":0,"28":0,"29":0,"30":0,"31":0,"32":0,"33":0,"34":0,"35":0,"36":0,"37":0,"38":0,"39":0,"40":0,"41":0,"42":0,"43":0,"44":0,"45":0,"46":0,"47":0,"48":0,"49":0,"50":0,"51":0,"52":0,"53":0,"54":0,"55":0,"56":0,"57":0,"58":0,"59":0,"60":0,"61":0,"62":0,"63":0},"f":{"0":0,"1":0,"2":0,"3":0,"4":0,"5":0,"6":0,"7":0,"8":0,"9":0},"b":{"0":[0],"1":[0],"2":[0,0,0],"3":[0,0],"4":[0],"5":[0],"6":[0,0],"7":[0,0],"8":[0],"9":[0,0],"10":[0,0],"11":[0],"12":[0],"13":[0,0],"14":[0,0],"15":[0,0],"16":[0,0,0],"17":[0],"18":[0,0],"19":[0],"20":[0],"21":[0,0],"22":[0],"23":[0,0,0],"24":[0],"25":[0,0,0],"26":[0]}}
,"/home/user/app-studio/src/element/css.ts": {"path":"/home/user/app-studio/src/element/css.ts","statementMap":{"0":{"start":{"line":3,"column":0},"end":{"line":3,"column":42}},"1":{"start":{"line":4,"column":0},"end":{"line":4,"column":34}},"2":{"start":{"line":5,"column":0},"end":{"line":5,"column":44}},"3":{"start":{"line":6,"column":0},"end":{"line":6,"column":null}},"4":{"start":{"line":13,"column":0},"end":{"line":13,"column":62}},"5":{"start":{"line":14,"column":0},"end":{"line":14,"column":null}},"6":{"start":{"line":27,"column":4},"end":{"line":27,"column":27}},"7":{"start":{"line":28,"column":4},"end":{"line":28,"column":27}},"8":{"start":{"line":32,"column":17},"end":{"line":32,"column":36}},"9":{"start":{"line":33,"column":4},"end":{"line":38,"column":5}},"10":{"start":{"line":35,"column":6},"end":{"line":35,"column":29}},"11":{"start":{"line":36,"column":6},"end":{"line":36,"column":32}},"12":{"start":{"line":37,"column":6},"end":{"line":37,"column":18}},"13":{"start":{"line":39,"column":4},"end":{"line":39,"column":21}},"14":{"start":{"line":43,"column":4},"end":{"line":52,"column":5}},"15":{"start":{"line":45,"column":6},"end":{"line":45,"column":29}},"16":{"start":{"line":46,"column":11},"end":{"line":52,"column":5}},"17":{"start":{"line":48,"column":23},"end":{"line":48,"column":53}},"18":{"start":{"line":49,"column":6},"end":{"line":51,"column":7}},"19":{"start":{"line":50,"column":8},"end":{"line":50,"column":36}},"20":{"start":{"line":53,"column":4},"end":{"line":53,"column":31}},"21":{"start":{"line":57,"column":4},"end":{"line":57,"column":23}},"22":{"start":{"line":61,"column":4},"end":{"line":61,"column":27}},"23":{"start":{"line":65,"column":4},"end":{"line":65,"column":27}},"24":{"start":{"line":69,"column":4},"end":{"line":69,"column":29}},"25":{"start":{"line":73,"column":4},"end":{"line":73,"column":31}},"26":{"start":{"line":77,"column":4},"end":{"line":77,"column":31}},"27":{"start":{"line":82,"column":20},"end":{"line":82,"column":45}},"28":{"start":{"line":87,"column":48},"end":{"line":127,"column":2}},"29":{"start":{"line":132,"column":13},"end":{"line":210,"column":2}},"30":{"start":{"line":134,"column":18},"end":{"line":134,"column":52}},"31":{"start":{"line":135,"column":4},"end":{"line":135,"column":25}},"32":{"start":{"line":135,"column":16},"end":{"line":135,"column":25}},"33":{"start":{"line":136,"column":18},"end":{"line":136,"column":38}},"34":{"start":{"line":137,"column":17},"end":{"line":137,"column":25}},"35":{"start":{"line":138,"column":4},"end":{"line":138,"column":47}},"36":{"start":{"line":142,"column":4},"end":{"line":144,"column":5}},"37":{"start":{"line":143,"column":6},"end":{"line":143,"column":29}},"38":{"start":{"line":145,"column":4},"end":{"line":145,"column":21}},"39":{"start":{"line":149,"column":19},"end":{"line":160,"column":6}},"40":{"start":{"line":162,"column":25},"end":{"line":162,"column":26}},"41":{"start":{"line":164,"column":4},"end":{"line":191,"column":7}},"42":{"start":{"line":165,"column":43},"end":{"line":165,"column":71}},"43":{"start":{"line":166,"column":6},"end":{"line":168,"column":7}},"44":{"start":{"line":167,"column":8},"end":{"line":167,"column":50}},"45":{"start":{"line":170,"column":6},"end":{"line":170,"column":39}},"46":{"start":{"line":172,"column":25},"end":{"line":172,"column":71}},"47":{"start":{"line":173,"column":22},"end":{"line":173,"column":65}},"48":{"start":{"line":174,"column":27},"end":{"line":174,"column":51}},"49":{"start":{"line":176,"column":6},"end":{"line":176,"column":49}},"50":{"start":{"line":178,"column":6},"end":{"line":178,"column":61}},"51":{"start":{"line":179,"column":6},"end":{"line":179,"column":70}},"52":{"start":{"line":180,"column":6},"end":{"line":180,"column":60}},"53":{"start":{"line":181,"column":6},"end":{"line":185,"column":8}},"54":{"start":{"line":186,"column":6},"end":{"line":186,"column":62}},"55":{"start":{"line":187,"column":6},"end":{"line":187,"column":58}},"56":{"start":{"line":188,"column":6},"end":{"line":188,"column":63}},"57":{"start":{"line":189,"column":6},"end":{"line":189,"column":54}},"58":{"start":{"line":190,"column":6},"end":{"line":190,"column":48}},"59":{"start":{"line":193,"column":4},"end":{"line":208,"column":6}},"60":{"start":{"line":202,"column":39},"end":{"line":202,"column":40}},"61":{"start":{"line":205,"column":36},"end":{"line":205,"column":37}},"62":{"start":{"line":215,"column":19},"end":{"line":350,"column":2}},"63":{"start":{"line":221,"column":25},"end":{"line":221,"column":30}},"64":{"start":{"line":224,"column":4},"end":{"line":227,"column":5}},"65":{"start":{"line":226,"column":6},"end":{"line":226,"column":19}},"66":{"start":{"line":230,"column":4},"end":{"line":232,"column":5}},"67":{"start":{"line":231,"column":6},"end":{"line":231,"column":39}},"68":{"start":{"line":235,"column":4},"end":{"line":276,"column":5}},"69":{"start":{"line":237,"column":6},"end":{"line":275,"column":7}},"70":{"start":{"line":240,"column":30},"end":{"line":240,"column":35}},"71":{"start":{"line":243,"column":32},"end":{"line":243,"column":78}},"72":{"start":{"line":244,"column":28},"end":{"line":244,"column":56}},"73":{"start":{"line":246,"column":8},"end":{"line":274,"column":9}},"74":{"start":{"line":248,"column":10},"end":{"line":257,"column":13}},"75":{"start":{"line":249,"column":35},"end":{"line":249,"column":50}},"76":{"start":{"line":252,"column":33},"end":{"line":252,"column":77}},"77":{"start":{"line":253,"column":12},"end":{"line":256,"column":14}},"78":{"start":{"line":259,"column":10},"end":{"line":259,"column":43}},"79":{"start":{"line":263,"column":24},"end":{"line":263,"column":40}},"80":{"start":{"line":265,"column":33},"end":{"line":271,"column":12}},"81":{"start":{"line":266,"column":12},"end":{"line":269,"column":13}},"82":{"start":{"line":268,"column":14},"end":{"line":268,"column":36}},"83":{"start":{"line":270,"column":12},"end":{"line":270,"column":24}},"84":{"start":{"line":273,"column":10},"end":{"line":273,"column":52}},"85":{"start":{"line":279,"column":4},"end":{"line":296,"column":5}},"86":{"start":{"line":281,"column":28},"end":{"line":281,"column":49}},"87":{"start":{"line":286,"column":8},"end":{"line":291,"column":12}},"88":{"start":{"line":293,"column":6},"end":{"line":295,"column":7}},"89":{"start":{"line":294,"column":8},"end":{"line":294,"column":47}},"90":{"start":{"line":298,"column":4},"end":{"line":298,"column":26}},"91":{"start":{"line":303,"column":4},"end":{"line":306,"column":5}},"92":{"start":{"line":305,"column":6},"end":{"line":305,"column":41}},"93":{"start":{"line":309,"column":4},"end":{"line":325,"column":5}},"94":{"start":{"line":311,"column":21},"end":{"line":311,"column":31}},"95":{"start":{"line":312,"column":19},"end":{"line":312,"column":49}},"96":{"start":{"line":314,"column":29},"end":{"line":322,"column":31}},"97":{"start":{"line":324,"column":6},"end":{"line":324,"column":40}},"98":{"start":{"line":327,"column":4},"end":{"line":336,"column":30}},"99":{"start":{"line":340,"column":4},"end":{"line":342,"column":5}},"100":{"start":{"line":341,"column":6},"end":{"line":341,"column":35}},"101":{"start":{"line":344,"column":22},"end":{"line":344,"column":61}},"102":{"start":{"line":345,"column":25},"end":{"line":345,"column":47}},"103":{"start":{"line":347,"column":4},"end":{"line":347,"column":39}},"104":{"start":{"line":348,"column":4},"end":{"line":348,"column":24}},"105":{"start":{"line":353,"column":10},"end":{"line":354,"column":14}},"106":{"start":{"line":366,"column":10},"end":{"line":366,"column":47}},"107":{"start":{"line":372,"column":4},"end":{"line":372,"column":47}},"108":{"start":{"line":373,"column":4},"end":{"line":373,"column":49}},"109":{"start":{"line":375,"column":4},"end":{"line":378,"column":5}},"110":{"start":{"line":376,"column":6},"end":{"line":376,"column":35}},"111":{"start":{"line":377,"column":6},"end":{"line":377,"column":37}},"112":{"start":{"line":382,"column":4},"end":{"line":406,"column":5}},"113":{"start":{"line":383,"column":60},"end":{"line":383,"column":69}},"114":{"start":{"line":386,"column":55},"end":{"line":391,"column":8}},"115":{"start":{"line":393,"column":6},"end":{"line":403,"column":7}},"116":{"start":{"line":394,"column":23},"end":{"line":394,"column":76}},"117":{"start":{"line":396,"column":8},"end":{"line":400,"column":9}},"118":{"start":{"line":397,"colu
[...]
,"/home/user/app-studio/src/utils/env.ts": {"path":"/home/user/app-studio/src/utils/env.ts","statementMap":{"0":{"start":{"line":20,"column":0},"end":{"line":20,"column":16}},"1":{"start":{"line":29,"column":0},"end":{"line":29,"column":16}},"2":{"start":{"line":41,"column":0},"end":{"line":41,"column":16}},"3":{"start":{"line":4,"column":25},"end":{"line":7,"column":54}},"4":{"start":{"line":5,"column":2},"end":{"line":7,"column":54}},"5":{"start":{"line":4,"column":13},"end":{"line":4,"column":25}},"6":{"start":{"line":12,"column":37},"end":{"line":13,"column":58}},"7":{"start":{"line":13,"column":2},"end":{"line":13,"column":58}},"8":{"start":{"line":12,"column":13},"end":{"line":12,"column":37}},"9":{"start":{"line":18,"column":13},"end":{"line":18,"column":34}},"10":{"start":{"line":21,"column":12},"end":{"line":21,"column":17}},"11":{"start":{"line":23,"column":2},"end":{"line":25,"column":3}},"12":{"start":{"line":24,"column":4},"end":{"line":24,"column":66}},"13":{"start":{"line":26,"column":2},"end":{"line":26,"column":13}},"14":{"start":{"line":30,"column":2},"end":{"line":37,"column":3}},"15":{"start":{"line":31,"column":4},"end":{"line":36,"column":5}},"16":{"start":{"line":32,"column":6},"end":{"line":35,"column":8}},"17":{"start":{"line":38,"column":2},"end":{"line":38,"column":15}},"18":{"start":{"line":42,"column":2},"end":{"line":42,"column":70}}},"fnMap":{"0":{"name":"(anonymous_0)","decl":{"start":{"line":4,"column":25},"end":{"line":4,"column":37}},"loc":{"start":{"line":5,"column":2},"end":{"line":7,"column":54}}},"1":{"name":"(anonymous_1)","decl":{"start":{"line":12,"column":37},"end":{"line":12,"column":40}},"loc":{"start":{"line":13,"column":2},"end":{"line":13,"column":58}}},"2":{"name":"isDev","decl":{"start":{"line":20,"column":16},"end":{"line":20,"column":21}},"loc":{"start":{"line":20,"column":21},"end":{"line":27,"column":1}}},"3":{"name":"isProd","decl":{"start":{"line":29,"column":16},"end":{"line":29,"column":22}},"loc":{"start":{"line":29,"column":22},"end":{"line":39,"column":1}}},"4":{"name":"isMobile","decl":{"start":{"line":41,"column":16},"end":{"line":41,"column":24}},"loc":{"start":{"line":41,"column":24},"end":{"line":43,"column":1}}}},"branchMap":{"0":{"loc":{"start":{"line":5,"column":2},"end":{"line":7,"column":54}},"type":"binary-expr","locations":[{"start":{"line":5,"column":2},"end":{"line":5,"column":31}},{"start":{"line":6,"column":2},"end":{"line":6,"column":40}},{"start":{"line":7,"column":2},"end":{"line":7,"column":54}}]},"1":{"loc":{"start":{"line":13,"column":2},"end":{"line":13,"column":58}},"type":"cond-expr","locations":[{"start":{"line":13,"column":17},"end":{"line":13,"column":46}},{"start":{"line":13,"column":49},"end":{"line":13,"column":58}}]},"2":{"loc":{"start":{"line":23,"column":2},"end":{"line":25,"column":3}},"type":"if","locations":[{"start":{"line":23,"column":2},"end":{"line":25,"column":3}}]},"3":{"loc":{"start":{"line":30,"column":2},"end":{"line":37,"column":3}},"type":"if","locations":[{"start":{"line":30,"column":2},"end":{"line":37,"column":3}}]},"4":{"loc":{"start":{"line":31,"column":4},"end":{"line":36,"column":5}},"type":"if","locations":[{"start":{"line":31,"column":4},"end":{"line":36,"column":5}}]},"5":{"loc":{"start":{"line":31,"column":8},"end":{"line":31,"column":61}},"type":"binary-expr","locations":[{"start":{"line":31,"column":8},"end":{"line":31,"column":14}},{"start":{"line":31,"column":18},"end":{"line":31,"column":33}},{"start":{"line":31,"column":37},"end":{"line":31,"column":61}}]},"6":{"loc":{"start":{"line":33,"column":8},"end":{"line":34,"column":52}},"type":"binary-expr","locations":[{"start":{"line":33,"column":8},"end":{"line":33,"column":54}},{"start":{"line":34,"column":8},"end":{"line":34,"column":52}}]}},"s":{"0":0,"1":0,"2":0,"3":0,"4":0,"5":0,"6":0,"7":0,"8":0,"9":0,"10":0,"11":0,"12":0,"13":0,"14":0,"15":0,"16":0,"17":0,"18":0},"f":{"0":0,"1":0,"2":0,"3":0,"4":0},"b":{"0":[0,0,0],"1":[0,0],"2":[0],"3":[0],"4":[0],"5":[0,0,0],"6":[0,0]}}
,"/home/user/app-studio/src/utils/shadow.ts": {"path":"/home/user/app-studio/src/utils/shadow.ts","statementMap":{"0":{"start":{"line":11,"column":13},"end":{"line":102,"column":2}}},"fnMap":{},"branchMap":{},"s":{"0":0},"f":{},"b":{}}
,"/home/user/app-studio/src/utils/style.ts": {"path":"/home/user/app-studio/src/utils/style.ts","statementMap":{"0":{"start":{"line":11,"column":0},"end":{"line":11,"column":16}},"1":{"start":{"line":233,"column":0},"end":{"line":233,"column":16}},"2":{"start":{"line":2,"column":0},"end":{"line":2,"column":66}},"3":{"start":{"line":3,"column":0},"end":{"line":3,"column":80}},"4":{"start":{"line":14,"column":28},"end":{"line":14,"column":56}},"5":{"start":{"line":15,"column":2},"end":{"line":27,"column":3}},"6":{"start":{"line":16,"column":18},"end":{"line":16,"column":55}},"7":{"start":{"line":17,"column":4},"end":{"line":26,"column":5}},"8":{"start":{"line":19,"column":26},"end":{"line":19,"column":75}},"9":{"start":{"line":23,"column":6},"end":{"line":23,"column":75}},"10":{"start":{"line":25,"column":6},"end":{"line":25,"column":27}},"11":{"start":{"line":30,"column":2},"end":{"line":30,"column":59}},"12":{"start":{"line":34,"column":22},"end":{"line":171,"column":2}},"13":{"start":{"line":174,"column":23},"end":{"line":179,"column":1}},"14":{"start":{"line":178,"column":2},"end":{"line":178,"column":49}},"15":{"start":{"line":174,"column":13},"end":{"line":174,"column":23}},"16":{"start":{"line":182,"column":28},"end":{"line":205,"column":2}},"17":{"start":{"line":208,"column":27},"end":{"line":225,"column":1}},"18":{"start":{"line":210,"column":2},"end":{"line":212,"column":3}},"19":{"start":{"line":211,"column":4},"end":{"line":211,"column":17}},"20":{"start":{"line":215,"column":2},"end":{"line":224,"column":4}},"21":{"start":{"line":208,"column":13},"end":{"line":208,"column":27}},"22":{"start":{"line":234,"column":2},"end":{"line":246,"column":15}},"23":{"start":{"line":235,"column":23},"end":{"line":235,"column":39}},"24":{"start":{"line":237,"column":6},"end":{"line":237,"column":59}},"25":{"start":{"line":237,"column":49},"end":{"line":237,"column":59}},"26":{"start":{"line":240,"column":26},"end":{"line":240,"column":55}},"27":{"start":{"line":243,"column":6},"end":{"line":243,"column":41}},"28":{"start":{"line":249,"column":27},"end":{"line":251,"column":1}},"29":{"start":{"line":250,"column":2},"end":{"line":250,"column":38}},"30":{"start":{"line":249,"column":13},"end":{"line":249,"column":27}},"31":{"start":{"line":254,"column":36},"end":{"line":334,"column":1}},"32":{"start":{"line":260,"column":2},"end":{"line":262,"column":3}},"33":{"start":{"line":261,"column":4},"end":{"line":261,"column":14}},"34":{"start":{"line":265,"column":2},"end":{"line":268,"column":3}},"35":{"start":{"line":267,"column":4},"end":{"line":267,"column":17}},"36":{"start":{"line":271,"column":24},"end":{"line":271,"column":45}},"37":{"start":{"line":274,"column":2},"end":{"line":291,"column":3}},"38":{"start":{"line":278,"column":6},"end":{"line":285,"column":13}},"39":{"start":{"line":287,"column":4},"end":{"line":289,"column":5}},"40":{"start":{"line":288,"column":6},"end":{"line":288,"column":26}},"41":{"start":{"line":290,"column":4},"end":{"line":290,"column":17}},"42":{"start":{"line":294,"column":2},"end":{"line":300,"column":3}},"43":{"start":{"line":299,"column":4},"end":{"line":299,"column":27}},"44":{"start":{"line":303,"column":2},"end":{"line":321,"column":3}},"45":{"start":{"line":310,"column":18},"end":{"line":310,"column":34}},"46":{"start":{"line":311,"column":4},"end":{"line":320,"column":5}},"47":{"start":{"line":313,"column":25},"end":{"line":313,"column":41}},"48":{"start":{"line":314,"column":25},"end":{"line":314,"column":42}},"49":{"start":{"line":316,"column":29},"end":{"line":316,"column":49}},"50":{"start":{"line":318,"column":6},"end":{"line":318,"column":41}},"51":{"start":{"line":319,"column":6},"end":{"line":319,"column":29}},"52":{"start":{"line":324,"column":2},"end":{"line":326,"column":3}},"53":{"start":{"line":325,"column":4},"end":{"line":325,"column":27}},"54":{"start":{"line":329,"column":2},"end":{"line":331,"column":3}},"55":{"start":{"line":330,"column":4},"end":{"line":330,"column":33}},"56":{"start":{"line":333,"column":2},"end":{"line":333,"column":15}},"57":{"start":{"line":254,"column":13},"end":{"line":254,"column":36}},"58":{"start":{"line":337,"column":13},"end":{"line":337,"column":62}},"59":{"start":{"line":338,"column":13},"end":{"line":338,"column":54}},"60":{"start":{"line":341,"column":33},"end":{"line":350,"column":1}},"61":{"start":{"line":342,"column":2},"end":{"line":349,"column":4}},"62":{"start":{"line":341,"column":13},"end":{"line":341,"column":33}},"63":{"start":{"line":353,"column":33},"end":{"line":364,"column":1}},"64":{"start":{"line":358,"column":25},"end":{"line":358,"column":72}},"65":{"start":{"line":359,"column":26},"end":{"line":361,"column":28}},"66":{"start":{"line":363,"column":2},"end":{"line":363,"column":55}},"67":{"start":{"line":353,"column":13},"end":{"line":353,"column":33}}},"fnMap":{"0":{"name":"propertyToKebabCase","decl":{"start":{"line":11,"column":16},"end":{"line":11,"column":35}},"loc":{"start":{"line":11,"column":52},"end":{"line":31,"column":1}}},"1":{"name":"(anonymous_1)","decl":{"start":{"line":174,"column":23},"end":{"line":174,"column":null}},"loc":{"start":{"line":177,"column":4},"end":{"line":179,"column":1}}},"2":{"name":"(anonymous_2)","decl":{"start":{"line":208,"column":27},"end":{"line":208,"column":28}},"loc":{"start":{"line":208,"column":53},"end":{"line":225,"column":1}}},"3":{"name":"styleObjectToCss","decl":{"start":{"line":233,"column":16},"end":{"line":233,"column":32}},"loc":{"start":{"line":233,"column":65},"end":{"line":247,"column":1}}},"4":{"name":"(anonymous_4)","decl":{"start":{"line":235,"column":12},"end":{"line":235,"column":13}},"loc":{"start":{"line":235,"column":23},"end":{"line":235,"column":39}}},"5":{"name":"(anonymous_5)","decl":{"start":{"line":236,"column":9},"end":{"line":236,"column":10}},"loc":{"start":{"line":236,"column":31},"end":{"line":244,"column":5}}},"6":{"name":"(anonymous_6)","decl":{"start":{"line":249,"column":27},"end":{"line":249,"column":28}},"loc":{"start":{"line":249,"column":51},"end":{"line":251,"column":1}}},"7":{"name":"(anonymous_7)","decl":{"start":{"line":254,"column":36},"end":{"line":254,"column":null}},"loc":{"start":{"line":258,"column":21},"end":{"line":334,"column":1}}},"8":{"name":"(anonymous_8)","decl":{"start":{"line":341,"column":33},"end":{"line":341,"column":34}},"loc":{"start":{"line":341,"column":59},"end":{"line":350,"column":1}}},"9":{"name":"(anonymous_9)","decl":{"start":{"line":353,"column":33},"end":{"line":353,"column":null}},"loc":{"start":{"line":357,"column":12},"end":{"line":364,"column":1}}}},"branchMap":{"0":{"loc":{"start":{"line":15,"column":2},"end":{"line":27,"column":3}},"type":"if","locations":[{"start":{"line":15,"column":2},"end":{"line":27,"column":3}}]},"1":{"loc":{"start":{"line":17,"column":4},"end":{"line":26,"column":5}},"type":"if","locations":[{"start":{"line":17,"column":4},"end":{"line":26,"column":5}}]},"2":{"loc":{"start":{"line":210,"column":2},"end":{"line":212,"column":3}},"type":"if","locations":[{"start":{"line":210,"column":2},"end":{"line":212,"column":3}}]},"3":{"loc":{"start":{"line":216,"column":4},"end":{"line":223,"column":62}},"type":"binary-expr","locations":[{"start":{"line":216,"column":4},"end":{"line":216,"column":27}},{"start":{"line":217,"column":4},"end":{"line":217,"column":23}},{"start":{"line":219,"column":4},"end":{"line":219,"column":43}},{"start":{"line":221,"column":4},"end":{"line":221,"column":25}},{"start":{"line":223,"column":5},"end":{"line":223,"column":35}},{"start":{"line":223,"column":39},"end":{"line":223,"column":61}}]},"4":{"loc":{"start":{"line":237,"column":6},"end":{"line":237,"column":59}},"type":"if","locations":[{"start":{"line":237,"column":6},"end":{"line":237,"column":59}}]},"5":{"loc":{"start":{"line":237,"column":10},"end":{"line":237,"column":47}},"type":"binary-expr","locations":[{"start":{"line":237,"column":10},"end":{"line":237,"column":29}},{"start":{"line":237,"column":33},"end":{"line":237,"column":47}}]},"6":{"loc":{"start":{"line":260,"column":2},"end":{"line":262,"column":3}},"type":"if","locations":[{"start":{"line":260,"column":2},"end":{"line":262,"column":3}}]},"7":{"loc":{"start":{"line":265,"column":2},"end":{"line":268,"column":3}},"type":"if","locations":[{"start":{"line":265,"column":2},"end":{"line":268,"column":3}}]},"8":{"loc":{"start":{"line":274,"column":2},"end":{"line":291,"column":3}},"type":"if","locations":[{"start":{"line":274,"column":2},"end":{"line":291,"column":3}}]},"9":{"loc":{"start":{"line":278,"column":6},"end":{"line":285,"column":13}},"type":"binary-expr","locations":[{"start":{"line":278,"column":6},"end":{"line":278,"column":32}},{"start":{"line":279,"column":7},"end":{"line":279,"column":46}},{"start":{"line":281,"column":10},"end":{"line":281,"column":52}},{"start":{"line":282,"column":10},"end":{"line":282,"column":52}},{"start":{"line":283,"column":10},"end":{"line":284,"column":null}}]},"10":{"loc":{"start":{"line":287,"column":4},"end":{"line":289,"column":5}},"type":"if","locations":[{"start":{"line":287,"column":4},"end":{"line":289,"column":5}}]},"11":{"loc":{"start":{"line":294,"column":2},"end":{"line":300,"column":3}},"type":"if","locations":[{"start":{"line":294,"column":2},"end":{"line":300,"column":3}}]},"12":{"loc":{"start":{"line":295,"column":4},"end":{"line":297,"column":25}},"type":"binary-expr","locations":[{"start":{"line":295,"column":4},"end":{"line":295,"column":48}},{"start":{"line":296,"column":4},"end":{"line":296,"column":23}},{"start":{"line":297,"column":4},"end":{"line":297,"column":25}}]},"13":{"loc":{"start":{"line":303,"column":2},"end":{"line":321,"column":3}},"type":"if","locations":[{"start":{"line":303,"column":2},"end":{"line":321,"column":3}}]},"14":{"loc":{"start":{"line":304,"column":4},"end":{"line":306,"column":66}},"type":"binary-expr","locations":[{"start":{"line":304,"column":4},"end":{"line":304,"column":29}},{"start":{"line":305,"column":4},"end":{"line":305,"column":20}},{"start":{"line":306,"column":5},"end":{"line":306,"column":33}},{"start":{"line":306,"column":37},"end":{"line":306,"column":65}}]},"15":{"loc":{"start":{"line":311,"column":4},"end":{"line":320,"column":5}},"type":"if","locations":[{"start":{"line":311,"column":4},"end":{"line":320,"column":5}}]},"16":{"loc":{"start":{"line":324,"column":2},"end":{"line":326,"column":3}},"type":"if","locations":[{"start":{"line":324,"column":2},"end":{"line":326,"column":3}}]},"17":{"loc":{"start":{"line":329,"column":2},"end":{"line":331,"column":3}},"type":"if","locations":[{"start":{"line":329,"column":2},"end":{"line":331,"column":3}}]},"18":{"loc":{"start":{"line":343,"column":4},"end":{"line":347,"column":null}},"type":"binary-expr","locations":[{"start":{"line":343,"column":4},"end":{"line":343,"column":22}},{"start":{"line":344,"column":4},"end":{"line":344,"column":26}},{"start":{"line":346,"column":4},"end":{"line":347,"column":null}}]}},"s":{"0":1,"1":1,"2":1,"3":1,"4":16,"5":16,"6":5,"7":5,"8":5,"9":5,"10":5,"11":11,"12":1,"13":1,"14":3,"15":1,"16":1,"17":1,"18":33,"19":6,"20":27,"21":1,"22":5,"23":11,"24":10,"25":2,"26":8,"27":8,"28":1,"29":14,"30":1,"31":1,"32":12,"33":3,"34":9,"35":1,"36":8,"37":8,"38":3,"39":3,"40":1,"41":2,"42":5,"43":2,"44":3,"45":0,"46":0,"47":0,"48":0,"49":0,"50":0,"51":0,"52":3,"53":1,"54":2,"55":0,"56":2,"57":1,"58":1,"59":1,"60":1,"61":10,"62":1,"63":1,"64":4,"65":4,"66":4,"67":1},"f":{"0":16,"1":3,"2":33,"3":5,"4":11,"5":10,"6":14,"7":12,"8":10,"9":4},"b":{"0":[5],"1":[5],"2":[6],"3":[27,10,10,8,6,0],"4":[2],"5":[10,9],"6":[3],"7":[1],"8":[3],"9":[3,1,0,0,0],"10":[1],"11":[2],"12":[5,3,3],"13":[0],"14":[3,2,0,0],"15":[0],"16":[1],"17":[0],"18":[10,8,8]}}
,"/home/user/app-studio/src/utils/typography.ts": {"path":"/home/user/app-studio/src/utils/typography.ts","statementMap":{"0":{"start":{"line":1,"column":13},"end":{"line":45,"column":2}}},"fnMap":{},"branchMap":{},"s":{"0":1},"f":{},"b":{}}
,"/home/user/app-studio/src/utils/vendorPrefixes.ts": {"path":"/home/user/app-studio/src/utils/vendorPrefixes.ts","statementMap":{"0":{"start":{"line":8,"column":13},"end":{"line":161,"column":2}},"1":{"start":{"line":164,"column":32},"end":{"line":166,"column":1}},"2":{"start":{"line":165,"column":2},"end":{"line":165,"column":59}},"3":{"start":{"line":164,"column":13},"end":{"line":164,"column":32}},"4":{"start":{"line":169,"column":43},"end":{"line":175,"column":1}},"5":{"start":{"line":170,"column":24},"end":{"line":170,"column":50}},"6":{"start":{"line":171,"column":29},"end":{"line":171,"column":69}},"7":{"start":{"line":174,"column":2},"end":{"line":174,"column":48}},"8":{"start":{"line":169,"column":13},"end":{"line":169,"column":43}},"9":{"start":{"line":178,"column":33},"end":{"line":180,"column":1}},"10":{"start":{"line":179,"column":2},"end":{"line":179,"column":46}},"11":{"start":{"line":178,"column":13},"end":{"line":178,"column":33}}},"fnMap":{"0":{"name":"(anonymous_0)","decl":{"start":{"line":164,"column":32},"end":{"line":164,"column":33}},"loc":{"start":{"line":164,"column":61},"end":{"line":166,"column":1}}},"1":{"name":"(anonymous_1)","decl":{"start":{"line":169,"column":43},"end":{"line":169,"column":44}},"loc":{"start":{"line":169,"column":74},"end":{"line":175,"column":1}}},"2":{"name":"(anonymous_2)","decl":{"start":{"line":178,"column":33},"end":{"line":178,"column":34}},"loc":{"start":{"line":178,"column":63},"end":{"line":180,"column":1}}}},"branchMap":{"0":{"loc":{"start":{"line":171,"column":29},"end":{"line":171,"column":69}},"type":"binary-expr","locations":[{"start":{"line":171,"column":29},"end":{"line":171,"column":63}},{"start":{"line":171,"column":67},"end":{"line":171,"column":69}}]}},"s":{"0":1,"1":1,"2":10,"3":1,"4":1,"5":5,"6":5,"7":5,"8":1,"9":1,"10":13,"11":1},"f":{"0":10,"1":5,"2":13},"b":{"0":[5,2]}}
}
