TN:
SF:src/index.tsx
FNF:0
FNH:0
DA:1,0
DA:2,0
DA:3,0
DA:4,0
DA:5,0
DA:6,0
DA:7,0
DA:8,0
DA:9,0
DA:10,0
DA:11,0
DA:12,0
DA:13,0
DA:14,0
DA:15,0
DA:16,0
DA:17,0
DA:18,0
DA:19,0
DA:20,0
DA:21,0
DA:22,0
DA:23,0
DA:24,0
DA:25,0
DA:26,0
DA:27,0
LF:27
LH:0
BRF:0
BRH:0
end_of_record
TN:
SF:src/components/Form.tsx
FN:67,(anonymous_0)
FN:78,(anonymous_1)
FN:89,(anonymous_2)
FNF:3
FNH:0
FNDA:0,(anonymous_0)
FNDA:0,(anonymous_1)
FNDA:0,(anonymous_2)
DA:1,0
DA:2,0
DA:64,0
DA:68,0
DA:75,0
DA:79,0
DA:86,0
DA:90,0
LF:8
LH:0
BRF:0
BRH:0
end_of_record
TN:
SF:src/components/Image.tsx
FN:29,(anonymous_0)
FN:40,(anonymous_1)
FNF:2
FNH:0
FNDA:0,(anonymous_0)
FNDA:0,(anonymous_1)
DA:1,0
DA:2,0
DA:26,0
DA:30,0
DA:37,0
DA:41,0
LF:6
LH:0
BRF:0
BRH:0
end_of_record
TN:
SF:src/components/Skeleton.tsx
FN:7,(anonymous_0)
FNF:1
FNH:0
FNDA:0,(anonymous_0)
DA:1,0
DA:2,0
DA:3,0
DA:6,0
DA:13,0
LF:5
LH:0
BRDA:8,0,0,0
BRDA:9,1,0,0
BRDA:10,2,0,0
BRF:3
BRH:0
end_of_record
TN:
SF:src/components/Text.tsx
FN:23,(anonymous_0)
FNF:1
FNH:0
FNDA:0,(anonymous_0)
DA:1,0
DA:2,0
DA:20,0
DA:24,0
DA:28,0
DA:32,0
LF:6
LH:0
BRDA:28,0,0,0
BRDA:28,0,1,0
BRDA:28,1,0,0
BRDA:28,1,1,0
BRF:4
BRH:0
end_of_record
TN:
SF:src/components/View.tsx
FN:17,(anonymous_0)
FN:28,(anonymous_1)
FN:39,(anonymous_2)
FN:56,(anonymous_3)
FN:67,(anonymous_4)
FN:88,(anonymous_5)
FN:109,(anonymous_6)
FN:120,(anonymous_7)
FN:131,(anonymous_8)
FN:142,(anonymous_9)
FNF:10
FNH:0
FNDA:0,(anonymous_0)
FNDA:0,(anonymous_1)
FNDA:0,(anonymous_2)
FNDA:0,(anonymous_3)
FNDA:0,(anonymous_4)
FNDA:0,(anonymous_5)
FNDA:0,(anonymous_6)
FNDA:0,(anonymous_7)
FNDA:0,(anonymous_8)
FNDA:0,(anonymous_9)
DA:1,0
DA:2,0
DA:14,0
DA:18,0
DA:25,0
DA:29,0
DA:36,0
DA:40,0
DA:53,0
DA:57,0
DA:64,0
DA:68,0
DA:85,0
DA:89,0
DA:106,0
DA:110,0
DA:117,0
DA:121,0
DA:128,0
DA:132,0
DA:139,0
DA:143,0
LF:22
LH:0
BRDA:67,0,0,0
BRDA:88,1,0,0
BRF:2
BRH:0
end_of_record
TN:
SF:src/components/Wrapper.tsx
FN:7,(anonymous_0)
FNF:1
FNH:0
FNDA:0,(anonymous_0)
DA:1,0
DA:2,0
DA:3,0
DA:4,0
DA:6,0
DA:8,0
LF:6
LH:0
BRF:0
BRH:0
end_of_record
TN:
SF:src/element/Animation.tsx
FN:5,(anonymous_0)
FN:17,(anonymous_1)
FN:29,(anonymous_2)
FN:41,(anonymous_3)
FN:53,(anonymous_4)
FN:65,(anonymous_5)
FN:77,(anonymous_6)
FN:95,(anonymous_7)
FN:109,(anonymous_8)
FN:124,(anonymous_9)
FN:136,(anonymous_10)
FN:148,(anonymous_11)
FN:161,(anonymous_12)
FN:182,(anonymous_13)
FN:198,(anonymous_14)
FN:215,(anonymous_15)
FN:227,(anonymous_16)
FN:241,(anonymous_17)
FN:257,(anonymous_18)
FN:270,(anonymous_19)
FN:283,(anonymous_20)
FN:308,(anonymous_21)
FN:329,(anonymous_22)
FN:364,(anonymous_23)
FN:389,(anonymous_24)
FN:410,(anonymous_25)
FN:431,(anonymous_26)
FN:459,(anonymous_27)
FN:480,(anonymous_28)
FN:500,(anonymous_29)
FN:518,(anonymous_30)
FN:536,(anonymous_31)
FN:560,(anonymous_32)
FN:584,(anonymous_33)
FN:600,(anonymous_34)
FN:616,(anonymous_35)
FN:637,(anonymous_36)
FN:659,(anonymous_37)
FN:677,(anonymous_38)
FN:699,(anonymous_39)
FN:714,(anonymous_40)
FN:730,(anonymous_41)
FN:745,(anonymous_42)
FN:763,(anonymous_43)
FN:779,(anonymous_44)
FN:795,(anonymous_45)
FN:813,(anonymous_46)
FN:841,(anonymous_47)
FN:858,(anonymous_48)
FN:876,(anonymous_49)
FN:892,(anonymous_50)
FN:908,(anonymous_51)
FN:925,(anonymous_52)
FNF:53
FNH:0
FNDA:0,(anonymous_0)
FNDA:0,(anonymous_1)
FNDA:0,(anonymous_2)
FNDA:0,(anonymous_3)
FNDA:0,(anonymous_4)
FNDA:0,(anonymous_5)
FNDA:0,(anonymous_6)
FNDA:0,(anonymous_7)
FNDA:0,(anonymous_8)
FNDA:0,(anonymous_9)
FNDA:0,(anonymous_10)
FNDA:0,(anonymous_11)
FNDA:0,(anonymous_12)
FNDA:0,(anonymous_13)
FNDA:0,(anonymous_14)
FNDA:0,(anonymous_15)
FNDA:0,(anonymous_16)
FNDA:0,(anonymous_17)
FNDA:0,(anonymous_18)
FNDA:0,(anonymous_19)
FNDA:0,(anonymous_20)
FNDA:0,(anonymous_21)
FNDA:0,(anonymous_22)
FNDA:0,(anonymous_23)
FNDA:0,(anonymous_24)
FNDA:0,(anonymous_25)
FNDA:0,(anonymous_26)
FNDA:0,(anonymous_27)
FNDA:0,(anonymous_28)
FNDA:0,(anonymous_29)
FNDA:0,(anonymous_30)
FNDA:0,(anonymous_31)
FNDA:0,(anonymous_32)
FNDA:0,(anonymous_33)
FNDA:0,(anonymous_34)
FNDA:0,(anonymous_35)
FNDA:0,(anonymous_36)
FNDA:0,(anonymous_37)
FNDA:0,(anonymous_38)
FNDA:0,(anonymous_39)
FNDA:0,(anonymous_40)
FNDA:0,(anonymous_41)
FNDA:0,(anonymous_42)
FNDA:0,(anonymous_43)
FNDA:0,(anonymous_44)
FNDA:0,(anonymous_45)
FNDA:0,(anonymous_46)
FNDA:0,(anonymous_47)
FNDA:0,(anonymous_48)
FNDA:0,(anonymous_49)
FNDA:0,(anonymous_50)
FNDA:0,(anonymous_51)
FNDA:0,(anonymous_52)
DA:5,0
DA:9,0
DA:17,0
DA:21,0
DA:29,0
DA:33,0
DA:41,0
DA:45,0
DA:53,0
DA:57,0
DA:65,0
DA:69,0
DA:77,0
DA:82,0
DA:95,0
DA:100,0
DA:109,0
DA:114,0
DA:124,0
DA:128,0
DA:136,0
DA:140,0
DA:148,0
DA:152,0
DA:161,0
DA:165,0
DA:182,0
DA:186,0
DA:198,0
DA:202,0
DA:215,0
DA:227,0
DA:241,0
DA:245,0
DA:257,0
DA:270,0
DA:283,0
DA:287,0
DA:308,0
DA:312,0
DA:329,0
DA:333,0
DA:364,0
DA:368,0
DA:389,0
DA:393,0
DA:410,0
DA:414,0
DA:431,0
DA:435,0
DA:459,0
DA:463,0
DA:480,0
DA:484,0
DA:500,0
DA:504,0
DA:518,0
DA:522,0
DA:536,0
DA:540,0
DA:560,0
DA:564,0
DA:584,0
DA:588,0
DA:600,0
DA:604,0
DA:616,0
DA:620,0
DA:637,0
DA:641,0
DA:659,0
DA:663,0
DA:677,0
DA:681,0
DA:699,0
DA:704,0
DA:714,0
DA:721,0
DA:730,0
DA:736,0
DA:745,0
DA:751,0
DA:763,0
DA:769,0
DA:779,0
DA:785,0
DA:795,0
DA:801,0
DA:813,0
DA:819,0
DA:841,0
DA:847,0
DA:858,0
DA:864,0
DA:876,0
DA:882,0
DA:892,0
DA:898,0
DA:908,0
DA:914,0
DA:925,0
DA:931,0
LF:102
LH:0
BRDA:6,0,0,0
BRDA:7,1,0,0
BRDA:18,2,0,0
BRDA:19,3,0,0
BRDA:30,4,0,0
BRDA:31,5,0,0
BRDA:42,6,0,0
BRDA:43,7,0,0
BRDA:54,8,0,0
BRDA:55,9,0,0
BRDA:66,10,0,0
BRDA:67,11,0,0
BRDA:78,12,0,0
BRDA:79,13,0,0
BRDA:80,14,0,0
BRDA:96,15,0,0
BRDA:97,16,0,0
BRDA:98,17,0,0
BRDA:110,18,0,0
BRDA:111,19,0,0
BRDA:112,20,0,0
BRDA:125,21,0,0
BRDA:126,22,0,0
BRDA:137,23,0,0
BRDA:138,24,0,0
BRDA:149,25,0,0
BRDA:150,26,0,0
BRDA:162,27,0,0
BRDA:163,28,0,0
BRDA:183,29,0,0
BRDA:184,30,0,0
BRDA:199,31,0,0
BRDA:200,32,0,0
BRDA:215,33,0,0
BRDA:227,34,0,0
BRDA:242,35,0,0
BRDA:243,36,0,0
BRDA:257,37,0,0
BRDA:270,38,0,0
BRDA:284,39,0,0
BRDA:285,40,0,0
BRDA:309,41,0,0
BRDA:310,42,0,0
BRDA:330,43,0,0
BRDA:331,44,0,0
BRDA:365,45,0,0
BRDA:366,46,0,0
BRDA:390,47,0,0
BRDA:391,48,0,0
BRDA:411,49,0,0
BRDA:412,50,0,0
BRDA:432,51,0,0
BRDA:433,52,0,0
BRDA:460,53,0,0
BRDA:461,54,0,0
BRDA:481,55,0,0
BRDA:482,56,0,0
BRDA:501,57,0,0
BRDA:502,58,0,0
BRDA:519,59,0,0
BRDA:520,60,0,0
BRDA:537,61,0,0
BRDA:538,62,0,0
BRDA:561,63,0,0
BRDA:562,64,0,0
BRDA:585,65,0,0
BRDA:586,66,0,0
BRDA:601,67,0,0
BRDA:602,68,0,0
BRDA:617,69,0,0
BRDA:618,70,0,0
BRDA:638,71,0,0
BRDA:639,72,0,0
BRDA:660,73,0,0
BRDA:661,74,0,0
BRDA:678,75,0,0
BRDA:679,76,0,0
BRDA:700,77,0,0
BRDA:701,78,0,0
BRDA:702,79,0,0
BRDA:715,80,0,0
BRDA:716,81,0,0
BRDA:717,82,0,0
BRDA:718,83,0,0
BRDA:719,84,0,0
BRDA:731,85,0,0
BRDA:732,86,0,0
BRDA:733,87,0,0
BRDA:734,88,0,0
BRDA:746,89,0,0
BRDA:747,90,0,0
BRDA:748,91,0,0
BRDA:749,92,0,0
BRDA:764,93,0,0
BRDA:765,94,0,0
BRDA:766,95,0,0
BRDA:767,96,0,0
BRDA:780,97,0,0
BRDA:781,98,0,0
BRDA:782,99,0,0
BRDA:783,100,0,0
BRDA:796,101,0,0
BRDA:797,102,0,0
BRDA:798,103,0,0
BRDA:799,104,0,0
BRDA:814,105,0,0
BRDA:815,106,0,0
BRDA:816,107,0,0
BRDA:817,108,0,0
BRDA:842,109,0,0
BRDA:843,110,0,0
BRDA:844,111,0,0
BRDA:845,112,0,0
BRDA:859,113,0,0
BRDA:860,114,0,0
BRDA:861,115,0,0
BRDA:862,116,0,0
BRDA:877,117,0,0
BRDA:878,118,0,0
BRDA:879,119,0,0
BRDA:880,120,0,0
BRDA:893,121,0,0
BRDA:894,122,0,0
BRDA:895,123,0,0
BRDA:896,124,0,0
BRDA:909,125,0,0
BRDA:910,126,0,0
BRDA:911,127,0,0
BRDA:912,128,0,0
BRDA:926,129,0,0
BRDA:927,130,0,0
BRDA:928,131,0,0
BRDA:929,132,0,0
BRF:133
BRH:0
end_of_record
TN:
SF:src/element/Element.tsx
FN:121,(anonymous_0)
FN:129,(anonymous_1)
FN:143,(anonymous_2)
FN:151,(anonymous_3)
FN:153,(anonymous_4)
FN:165,(anonymous_5)
FN:168,(anonymous_6)
FN:205,(anonymous_7)
FN:223,(anonymous_8)
FN:234,(anonymous_9)
FNF:10
FNH:0
FNDA:0,(anonymous_0)
FNDA:0,(anonymous_1)
FNDA:0,(anonymous_2)
FNDA:0,(anonymous_3)
FNDA:0,(anonymous_4)
FNDA:0,(anonymous_5)
FNDA:0,(anonymous_6)
FNDA:0,(anonymous_7)
FNDA:0,(anonymous_8)
FNDA:0,(anonymous_9)
DA:1,0
DA:9,0
DA:10,0
DA:12,0
DA:13,0
DA:14,0
DA:16,0
DA:119,0
DA:122,0
DA:123,0
DA:126,0
DA:127,0
DA:128,0
DA:130,0
DA:131,0
DA:132,0
DA:133,0
DA:134,0
DA:139,0
DA:140,0
DA:141,0
DA:143,0
DA:144,0
DA:145,0
DA:146,0
DA:147,0
DA:151,0
DA:152,0
DA:153,0
DA:154,0
DA:155,0
DA:158,0
DA:159,0
DA:164,0
DA:166,0
DA:169,0
DA:181,0
DA:182,0
DA:183,0
DA:186,0
DA:187,0
DA:191,0
DA:193,0
DA:194,0
DA:196,0
DA:202,0
DA:203,0
DA:205,0
DA:206,0
DA:211,0
DA:212,0
DA:215,0
DA:217,0
DA:220,0
DA:223,0
DA:224,0
DA:229,0
DA:234,0
DA:235,0
DA:239,0
DA:243,0
DA:244,0
DA:247,0
DA:248,0
LF:64
LH:0
BRDA:121,0,0,0
BRDA:122,1,0,0
BRDA:122,2,0,0
BRDA:122,2,1,0
BRDA:122,2,2,0
BRDA:131,3,0,0
BRDA:131,3,1,0
BRDA:133,4,0,0
BRDA:144,5,0,0
BRDA:144,6,0,0
BRDA:144,6,1,0
BRDA:145,7,0,0
BRDA:145,7,1,0
BRDA:154,8,0,0
BRDA:154,9,0,0
BRDA:154,9,1,0
BRDA:155,10,0,0
BRDA:155,10,1,0
BRDA:182,11,0,0
BRDA:186,12,0,0
BRDA:191,13,0,0
BRDA:191,13,1,0
BRDA:191,14,0,0
BRDA:191,14,1,0
BRDA:193,15,0,0
BRDA:193,15,1,0
BRDA:197,16,0,0
BRDA:197,16,1,0
BRDA:197,16,2,0
BRDA:202,17,0,0
BRDA:208,18,0,0
BRDA:208,18,1,0
BRDA:211,19,0,0
BRDA:215,20,0,0
BRDA:215,21,0,0
BRDA:215,21,1,0
BRDA:224,22,0,0
BRDA:225,23,0,0
BRDA:225,23,1,0
BRDA:225,23,2,0
BRDA:235,24,0,0
BRDA:236,25,0,0
BRDA:236,25,1,0
BRDA:236,25,2,0
BRDA:243,26,0,0
BRF:45
BRH:0
end_of_record
TN:
SF:src/element/css.ts
FN:26,(anonymous_0)
FN:31,(anonymous_1)
FN:42,(anonymous_2)
FN:56,(anonymous_3)
FN:60,(anonymous_4)
FN:64,(anonymous_5)
FN:68,(anonymous_6)
FN:72,(anonymous_7)
FN:76,(anonymous_8)
FN:133,(anonymous_9)
FN:141,(anonymous_10)
FN:148,(anonymous_11)
FN:164,(anonymous_12)
FN:202,(anonymous_13)
FN:205,(anonymous_14)
FN:216,(anonymous_15)
FN:248,(anonymous_16)
FN:265,(anonymous_17)
FN:301,(anonymous_18)
FN:339,(anonymous_19)
FN:368,(anonymous_20)
FN:381,(anonymous_21)
FN:409,(anonymous_22)
FN:420,(anonymous_23)
FN:428,(anonymous_24)
FN:437,(anonymous_25)
FN:443,(anonymous_26)
FN:452,(anonymous_27)
FN:456,(anonymous_28)
FN:470,(anonymous_29)
FN:474,(anonymous_30)
FN:482,(anonymous_31)
FN:554,(anonymous_32)
FN:565,(anonymous_33)
FN:567,(anonymous_34)
FN:578,(anonymous_35)
FN:587,(anonymous_36)
FN:597,(anonymous_37)
FN:602,(anonymous_38)
FN:606,(anonymous_39)
FN:612,(anonymous_40)
FN:619,(anonymous_41)
FN:630,(anonymous_42)
FN:636,(anonymous_43)
FN:656,(anonymous_44)
FN:668,(anonymous_45)
FN:681,generatePropertyShorthand
FN:687,generateAbbreviation
FN:720,processStyles
FN:730,(anonymous_49)
FN:739,(anonymous_50)
FN:740,(anonymous_51)
FN:761,processPseudoStyles
FN:769,(anonymous_53)
FN:815,processEventStyles
FN:868,(anonymous_55)
FN:875,(anonymous_56)
FN:892,(anonymous_57)
FN:911,(anonymous_58)
FN:948,(anonymous_59)
FN:991,(anonymous_60)
FN:999,(anonymous_61)
FN:1011,(anonymous_62)
FN:1016,(anonymous_63)
FN:1061,(anonymous_64)
FNF:65
FNH:0
FNDA:0,(anonymous_0)
FNDA:0,(anonymous_1)
FNDA:0,(anonymous_2)
FNDA:0,(anonymous_3)
FNDA:0,(anonymous_4)
FNDA:0,(anonymous_5)
FNDA:0,(anonymous_6)
FNDA:0,(anonymous_7)
FNDA:0,(anonymous_8)
FNDA:0,(anonymous_9)
FNDA:0,(anonymous_10)
FNDA:0,(anonymous_11)
FNDA:0,(anonymous_12)
FNDA:0,(anonymous_13)
FNDA:0,(anonymous_14)
FNDA:0,(anonymous_15)
FNDA:0,(anonymous_16)
FNDA:0,(anonymous_17)
FNDA:0,(anonymous_18)
FNDA:0,(anonymous_19)
FNDA:0,(anonymous_20)
FNDA:0,(anonymous_21)
FNDA:0,(anonymous_22)
FNDA:0,(anonymous_23)
FNDA:0,(anonymous_24)
FNDA:0,(anonymous_25)
FNDA:0,(anonymous_26)
FNDA:0,(anonymous_27)
FNDA:0,(anonymous_28)
FNDA:0,(anonymous_29)
FNDA:0,(anonymous_30)
FNDA:0,(anonymous_31)
FNDA:0,(anonymous_32)
FNDA:0,(anonymous_33)
FNDA:0,(anonymous_34)
FNDA:0,(anonymous_35)
FNDA:0,(anonymous_36)
FNDA:0,(anonymous_37)
FNDA:0,(anonymous_38)
FNDA:0,(anonymous_39)
FNDA:0,(anonymous_40)
FNDA:0,(anonymous_41)
FNDA:0,(anonymous_42)
FNDA:0,(anonymous_43)
FNDA:0,(anonymous_44)
FNDA:0,(anonymous_45)
FNDA:0,generatePropertyShorthand
FNDA:0,generateAbbreviation
FNDA:0,processStyles
FNDA:0,(anonymous_49)
FNDA:0,(anonymous_50)
FNDA:0,(anonymous_51)
FNDA:0,processPseudoStyles
FNDA:0,(anonymous_53)
FNDA:0,processEventStyles
FNDA:0,(anonymous_55)
FNDA:0,(anonymous_56)
FNDA:0,(anonymous_57)
FNDA:0,(anonymous_58)
FNDA:0,(anonymous_59)
FNDA:0,(anonymous_60)
FNDA:0,(anonymous_61)
FNDA:0,(anonymous_62)
FNDA:0,(anonymous_63)
FNDA:0,(anonymous_64)
DA:3,0
DA:4,0
DA:5,0
DA:6,0
DA:13,0
DA:14,0
DA:27,0
DA:28,0
DA:32,0
DA:33,0
DA:35,0
DA:36,0
DA:37,0
DA:39,0
DA:43,0
DA:45,0
DA:46,0
DA:48,0
DA:49,0
DA:50,0
DA:53,0
DA:57,0
DA:61,0
DA:65,0
DA:69,0
DA:73,0
DA:77,0
DA:82,0
DA:87,0
DA:132,0
DA:134,0
DA:135,0
DA:136,0
DA:137,0
DA:138,0
DA:142,0
DA:143,0
DA:145,0
DA:149,0
DA:162,0
DA:164,0
DA:165,0
DA:166,0
DA:167,0
DA:170,0
DA:172,0
DA:173,0
DA:174,0
DA:176,0
DA:178,0
DA:179,0
DA:180,0
DA:181,0
DA:186,0
DA:187,0
DA:188,0
DA:189,0
DA:190,0
DA:193,0
DA:202,0
DA:205,0
DA:215,0
DA:221,0
DA:224,0
DA:226,0
DA:230,0
DA:231,0
DA:235,0
DA:237,0
DA:240,0
DA:243,0
DA:244,0
DA:246,0
DA:248,0
DA:249,0
DA:252,0
DA:253,0
DA:259,0
DA:263,0
DA:265,0
DA:266,0
DA:268,0
DA:270,0
DA:273,0
DA:279,0
DA:281,0
DA:286,0
DA:293,0
DA:294,0
DA:298,0
DA:303,0
DA:305,0
DA:309,0
DA:311,0
DA:312,0
DA:314,0
DA:324,0
DA:327,0
DA:340,0
DA:341,0
DA:344,0
DA:345,0
DA:347,0
DA:348,0
DA:353,0
DA:366,0
DA:372,0
DA:373,0
DA:375,0
DA:376,0
DA:377,0
DA:382,0
DA:383,0
DA:386,0
DA:393,0
DA:394,0
DA:396,0
DA:397,0
DA:398,0
DA:399,0
DA:402,0
DA:405,0
DA:413,0
DA:414,0
DA:416,0
DA:419,0
DA:420,0
DA:421,0
DA:425,0
DA:429,0
DA:431,0
DA:432,0
DA:435,0
DA:436,0
DA:437,0
DA:438,0
DA:444,0
DA:445,0
DA:447,0
DA:448,0
DA:453,0
DA:458,0
DA:459,0
DA:463,0
DA:464,0
DA:465,0
DA:471,0
DA:479,0
DA:491,0
DA:493,0
DA:494,0
DA:495,0
DA:496,0
DA:500,0
DA:501,0
DA:502,0
DA:507,0
DA:511,0
DA:512,0
DA:513,0
DA:514,0
DA:515,0
DA:516,0
DA:517,0
DA:518,0
DA:522,0
DA:525,0
DA:526,0
DA:527,0
DA:530,0
DA:531,0
DA:534,0
DA:538,0
DA:542,0
DA:543,0
DA:548,0
DA:549,0
DA:550,0
DA:551,0
DA:554,0
DA:555,0
DA:560,0
DA:561,0
DA:562,0
DA:563,0
DA:565,0
DA:567,0
DA:568,0
DA:575,0
DA:578,0
DA:579,0
DA:587,0
DA:588,0
DA:592,0
DA:594,0
DA:598,0
DA:599,0
DA:603,0
DA:607,0
DA:608,0
DA:613,0
DA:615,0
DA:616,0
DA:617,0
DA:618,0
DA:620,0
DA:626,0
DA:631,0
DA:632,0
DA:641,0
DA:642,0
DA:644,0
DA:646,0
DA:647,0
DA:648,0
DA:650,0
DA:657,0
DA:659,0
DA:660,0
DA:661,0
DA:662,0
DA:663,0
DA:666,0
DA:667,0
DA:668,0
DA:669,0
DA:671,0
DA:674,0
DA:684,0
DA:685,0
DA:688,0
DA:689,0
DA:690,0
DA:691,0
DA:692,0
DA:693,0
DA:695,0
DA:696,0
DA:697,0
DA:698,0
DA:699,0
DA:701,0
DA:702,0
DA:705,0
DA:706,0
DA:708,0
DA:711,0
DA:712,0
DA:728,0
DA:730,0
DA:731,0
DA:732,0
DA:734,0
DA:735,0
DA:736,0
DA:737,0
DA:738,0
DA:739,0
DA:740,0
DA:744,0
DA:745,0
DA:753,0
DA:757,0
DA:766,0
DA:769,0
DA:770,0
DA:773,0
DA:774,0
DA:775,0
DA:777,0
DA:779,0
DA:784,0
DA:786,0
DA:788,0
DA:790,0
DA:793,0
DA:796,0
DA:799,0
DA:802,0
DA:804,0
DA:809,0
DA:820,0
DA:823,0
DA:824,0
DA:828,0
DA:829,0
DA:836,0
DA:839,0
DA:840,0
DA:841,0
DA:842,0
DA:846,0
DA:849,0
DA:850,0
DA:851,0
DA:852,0
DA:854,0
DA:857,0
DA:859,0
DA:860,0
DA:861,0
DA:862,0
DA:867,0
DA:868,0
DA:871,0
DA:873,0
DA:874,0
DA:875,0
DA:876,0
DA:877,0
DA:879,0
DA:880,0
DA:881,0
DA:892,0
DA:893,0
DA:899,0
DA:900,0
DA:901,0
DA:902,0
DA:908,0
DA:911,0
DA:917,0
DA:918,0
DA:921,0
DA:927,0
DA:929,0
DA:932,0
DA:933,0
DA:937,0
DA:944,0
DA:945,0
DA:946,0
DA:947,0
DA:948,0
DA:949,0
DA:955,0
DA:958,0
DA:962,0
DA:963,0
DA:964,0
DA:966,0
DA:969,0
DA:971,0
DA:972,0
DA:973,0
DA:974,0
DA:979,0
DA:980,0
DA:983,0
DA:987,0
DA:990,0
DA:991,0
DA:992,0
DA:993,0
DA:994,0
DA:999,0
DA:1000,0
DA:1006,0
DA:1008,0
DA:1009,0
DA:1011,0
DA:1012,0
DA:1014,0
DA:1016,0
DA:1017,0
DA:1029,0
DA:1031,0
DA:1046,0
DA:1047,0
DA:1049,0
DA:1050,0
DA:1051,0
DA:1053,0
DA:1054,0
DA:1055,0
DA:1060,0
DA:1061,0
DA:1062,0
DA:1068,0
LF:379
LH:0
BRDA:33,0,0,0
BRDA:43,1,0,0
BRDA:43,1,1,0
BRDA:46,2,0,0
BRDA:49,3,0,0
BRDA:135,4,0,0
BRDA:138,5,0,0
BRDA:138,5,1,0
BRDA:142,6,0,0
BRDA:142,7,0,0
BRDA:142,7,1,0
BRDA:166,8,0,0
BRDA:166,9,0,0
BRDA:166,9,1,0
BRDA:172,10,0,0
BRDA:172,10,1,0
BRDA:173,11,0,0
BRDA:173,11,1,0
BRDA:179,12,0,0
BRDA:179,12,1,0
BRDA:182,13,0,0
BRDA:182,13,1,0
BRDA:186,14,0,0
BRDA:186,14,1,0
BRDA:187,15,0,0
BRDA:187,15,1,0
BRDA:188,16,0,0
BRDA:188,16,1,0
BRDA:189,17,0,0
BRDA:189,17,1,0
BRDA:190,18,0,0
BRDA:190,18,1,0
BRDA:202,19,0,0
BRDA:202,19,1,0
BRDA:205,20,0,0
BRDA:205,20,1,0
BRDA:224,21,0,0
BRDA:230,22,0,0
BRDA:235,23,0,0
BRDA:235,24,0,0
BRDA:235,24,1,0
BRDA:237,25,0,0
BRDA:237,26,0,0
BRDA:237,26,1,0
BRDA:246,27,0,0
BRDA:246,27,1,0
BRDA:266,28,0,0
BRDA:266,29,0,0
BRDA:266,29,1,0
BRDA:279,30,0,0
BRDA:286,31,0,0
BRDA:286,31,1,0
BRDA:286,31,2,0
BRDA:293,32,0,0
BRDA:303,33,0,0
BRDA:303,34,0,0
BRDA:303,34,1,0
BRDA:309,35,0,0
BRDA:309,36,0,0
BRDA:309,36,1,0
BRDA:340,37,0,0
BRDA:370,38,0,0
BRDA:375,39,0,0
BRDA:382,40,0,0
BRDA:396,41,0,0
BRDA:416,42,0,0
BRDA:429,43,0,0
BRDA:435,44,0,0
BRDA:445,45,0,0
BRDA:456,46,0,0
BRDA:458,47,0,0
BRDA:464,48,0,0
BRDA:485,49,0,0
BRDA:486,50,0,0
BRDA:488,51,0,0
BRDA:495,52,0,0
BRDA:495,53,0,0
BRDA:495,53,1,0
BRDA:501,54,0,0
BRDA:507,55,0,0
BRDA:507,55,1,0
BRDA:508,56,0,0
BRDA:508,56,1,0
BRDA:511,57,0,0
BRDA:511,57,1,0
BRDA:513,58,0,0
BRDA:513,58,1,0
BRDA:515,59,0,0
BRDA:515,59,1,0
BRDA:517,60,0,0
BRDA:534,61,0,0
BRDA:535,62,0,0
BRDA:535,62,1,0
BRDA:543,63,0,0
BRDA:543,63,1,0
BRDA:548,64,0,0
BRDA:548,64,1,0
BRDA:548,65,0,0
BRDA:548,65,1,0
BRDA:560,66,0,0
BRDA:560,66,1,0
BRDA:560,67,0,0
BRDA:560,67,1,0
BRDA:598,68,0,0
BRDA:613,69,0,0
BRDA:613,69,1,0
BRDA:642,70,0,0
BRDA:646,71,0,0
BRDA:660,72,0,0
BRDA:692,73,0,0
BRDA:722,74,0,0
BRDA:723,75,0,0
BRDA:725,76,0,0
BRDA:726,77,0,0
BRDA:734,78,0,0
BRDA:735,79,0,0
BRDA:735,79,1,0
BRDA:737,80,0,0
BRDA:744,81,0,0
BRDA:744,82,0,0
BRDA:744,82,1,0
BRDA:763,83,0,0
BRDA:773,84,0,0
BRDA:773,84,1,0
BRDA:773,85,0,0
BRDA:773,85,1,0
BRDA:777,86,0,0
BRDA:779,87,0,0
BRDA:779,87,1,0
BRDA:786,88,0,0
BRDA:786,89,0,0
BRDA:786,89,1,0
BRDA:788,90,0,0
BRDA:823,91,0,0
BRDA:828,92,0,0
BRDA:828,93,0,0
BRDA:828,93,1,0
BRDA:833,94,0,0
BRDA:834,95,0,0
BRDA:839,96,0,0
BRDA:840,97,0,0
BRDA:840,97,1,0
BRDA:846,98,0,0
BRDA:849,99,0,0
BRDA:849,99,1,0
BRDA:849,100,0,0
BRDA:849,100,1,0
BRDA:851,101,0,0
BRDA:851,101,1,0
BRDA:852,102,0,0
BRDA:852,102,1,0
BRDA:857,103,0,0
BRDA:868,104,0,0
BRDA:868,104,1,0
BRDA:871,105,0,0
BRDA:874,106,0,0
BRDA:879,107,0,0
BRDA:899,108,0,0
BRDA:901,109,0,0
BRDA:921,110,0,0
BRDA:922,111,0,0
BRDA:922,111,1,0
BRDA:922,111,2,0
BRDA:922,111,3,0
BRDA:927,112,0,0
BRDA:927,112,1,0
BRDA:929,113,0,0
BRDA:929,113,1,0
BRDA:946,114,0,0
BRDA:947,115,0,0
BRDA:947,115,1,0
BRDA:955,116,0,0
BRDA:958,117,0,0
BRDA:958,117,1,0
BRDA:959,118,0,0
BRDA:959,118,1,0
BRDA:963,119,0,0
BRDA:963,119,1,0
BRDA:964,120,0,0
BRDA:964,120,1,0
BRDA:969,121,0,0
BRDA:979,122,0,0
BRDA:980,123,0,0
BRDA:980,123,1,0
BRDA:992,124,0,0
BRDA:992,125,0,0
BRDA:992,125,1,0
BRDA:1000,126,0,0
BRDA:1001,127,0,0
BRDA:1001,127,1,0
BRDA:1001,127,2,0
BRDA:1001,127,3,0
BRDA:1001,127,4,0
BRDA:1008,128,0,0
BRDA:1008,128,1,0
BRDA:1008,129,0,0
BRDA:1008,129,1,0
BRDA:1009,130,0,0
BRDA:1009,130,1,0
BRDA:1014,131,0,0
BRDA:1029,132,0,0
BRDA:1029,133,0,0
BRDA:1029,133,1,0
BRDA:1046,134,0,0
BRDA:1047,135,0,0
BRDA:1047,135,1,0
BRDA:1051,136,0,0
BRDA:1060,137,0,0
BRF:208
BRH:0
end_of_record
TN:
SF:src/element/utils.ts
FN:8,(anonymous_0)
FN:39,(anonymous_1)
FN:40,(anonymous_2)
FN:48,(anonymous_3)
FNF:4
FNH:0
FNDA:0,(anonymous_0)
FNDA:0,(anonymous_1)
FNDA:0,(anonymous_2)
FNDA:0,(anonymous_3)
DA:3,0
DA:5,0
DA:6,0
DA:8,0
DA:23,0
DA:26,0
DA:28,0
DA:29,0
DA:30,0
DA:33,0
DA:34,0
DA:36,0
DA:39,0
DA:40,0
DA:41,0
DA:42,0
DA:43,0
DA:45,0
DA:48,0
DA:49,0
DA:50,0
DA:51,0
DA:54,0
DA:60,0
LF:24
LH:0
BRDA:28,0,0,0
BRDA:41,1,0,0
BRDA:42,2,0,0
BRDA:42,3,0,0
BRDA:42,3,1,0
BRDA:49,4,0,0
BRDA:49,4,1,0
BRF:7
BRH:0
end_of_record
TN:
SF:src/hooks/useActive.ts
FN:3,useActive
FN:10,(anonymous_1)
FN:14,(anonymous_2)
FN:15,(anonymous_3)
FN:16,(anonymous_4)
FN:17,(anonymous_5)
FN:25,(anonymous_6)
FNF:7
FNH:0
FNDA:0,useActive
FNDA:0,(anonymous_1)
FNDA:0,(anonymous_2)
FNDA:0,(anonymous_3)
FNDA:0,(anonymous_4)
FNDA:0,(anonymous_5)
FNDA:0,(anonymous_6)
DA:1,0
DA:3,0
DA:7,0
DA:8,0
DA:10,0
DA:11,0
DA:12,0
DA:14,0
DA:15,0
DA:16,0
DA:17,0
DA:19,0
DA:20,0
DA:21,0
DA:22,0
DA:23,0
DA:25,0
DA:26,0
DA:27,0
DA:28,0
DA:29,0
DA:30,0
DA:34,0
LF:23
LH:0
BRDA:12,0,0,0
BRF:1
BRH:0
end_of_record
TN:
SF:src/hooks/useClickOutside.ts
FN:3,useClickOutside
FN:10,(anonymous_1)
FN:11,(anonymous_2)
FN:20,(anonymous_3)
FNF:4
FNH:0
FNDA:0,useClickOutside
FNDA:0,(anonymous_1)
FNDA:0,(anonymous_2)
FNDA:0,(anonymous_3)
DA:1,0
DA:3,0
DA:7,0
DA:8,0
DA:10,0
DA:11,0
DA:12,0
DA:13,0
DA:15,0
DA:19,0
DA:20,0
DA:21,0
DA:25,0
LF:13
LH:0
BRDA:12,0,0,0
BRDA:12,0,1,0
BRDA:12,1,0,0
BRDA:12,1,1,0
BRF:4
BRH:0
end_of_record
TN:
SF:src/hooks/useElementPosition.ts
FN:45,useElementPosition
FN:60,(anonymous_1)
FN:63,(anonymous_2)
FN:96,(anonymous_3)
FN:111,(anonymous_4)
FN:115,(anonymous_5)
FN:120,(anonymous_6)
FN:142,(anonymous_7)
FN:151,(anonymous_8)
FN:159,(anonymous_9)
FN:164,(anonymous_10)
FN:168,(anonymous_11)
FN:179,(anonymous_12)
FNF:13
FNH:0
FNDA:0,useElementPosition
FNDA:0,(anonymous_1)
FNDA:0,(anonymous_2)
FNDA:0,(anonymous_3)
FNDA:0,(anonymous_4)
FNDA:0,(anonymous_5)
FNDA:0,(anonymous_6)
FNDA:0,(anonymous_7)
FNDA:0,(anonymous_8)
FNDA:0,(anonymous_9)
FNDA:0,(anonymous_10)
FNDA:0,(anonymous_11)
FNDA:0,(anonymous_12)
DA:1,0
DA:45,0
DA:54,0
DA:56,0
DA:57,0
DA:58,0
DA:60,0
DA:61,0
DA:62,0
DA:63,0
DA:64,0
DA:66,0
DA:69,0
DA:70,0
DA:71,0
DA:74,0
DA:75,0
DA:78,0
DA:80,0
DA:83,0
DA:84,0
DA:85,0
DA:86,0
DA:88,0
DA:89,0
DA:91,0
DA:96,0
DA:97,0
DA:105,0
DA:107,0
DA:111,0
DA:112,0
DA:113,0
DA:115,0
DA:116,0
DA:120,0
DA:122,0
DA:124,0
DA:125,0
DA:126,0
DA:129,0
DA:130,0
DA:132,0
DA:133,0
DA:136,0
DA:139,0
DA:140,0
DA:141,0
DA:142,0
DA:143,0
DA:144,0
DA:149,0
DA:150,0
DA:151,0
DA:152,0
DA:157,0
DA:158,0
DA:159,0
DA:160,0
DA:164,0
DA:165,0
DA:166,0
DA:168,0
DA:179,0
DA:180,0
DA:183,0
LF:66
LH:0
BRDA:46,0,0,0
BRDA:49,1,0,0
BRDA:50,2,0,0
BRDA:51,3,0,0
BRDA:52,4,0,0
BRDA:53,5,0,0
BRDA:62,6,0,0
BRDA:64,7,0,0
BRDA:64,7,1,0
BRDA:78,8,0,0
BRDA:78,8,1,0
BRDA:80,9,0,0
BRDA:80,9,1,0
BRDA:88,10,0,0
BRDA:88,10,1,0
BRDA:89,11,0,0
BRDA:89,11,1,0
BRDA:97,12,0,0
BRDA:98,13,0,0
BRDA:98,13,1,0
BRDA:98,13,2,0
BRDA:98,13,3,0
BRDA:98,13,4,0
BRDA:112,14,0,0
BRDA:124,15,0,0
BRDA:125,16,0,0
BRDA:130,17,0,0
BRDA:139,18,0,0
BRDA:149,19,0,0
BRDA:157,20,0,0
BRDA:165,21,0,0
BRF:31
BRH:0
end_of_record
TN:
SF:src/hooks/useFocus.ts
FN:3,useFocus
FN:10,(anonymous_1)
FN:14,(anonymous_2)
FN:15,(anonymous_3)
FN:20,(anonymous_4)
FNF:5
FNH:0
FNDA:0,useFocus
FNDA:0,(anonymous_1)
FNDA:0,(anonymous_2)
FNDA:0,(anonymous_3)
FNDA:0,(anonymous_4)
DA:1,0
DA:3,0
DA:7,0
DA:8,0
DA:10,0
DA:11,0
DA:12,0
DA:14,0
DA:15,0
DA:17,0
DA:18,0
DA:20,0
DA:21,0
DA:22,0
DA:26,0
LF:15
LH:0
BRDA:12,0,0,0
BRF:1
BRH:0
end_of_record
TN:
SF:src/hooks/useHover.ts
FN:3,useHover
FN:10,(anonymous_1)
FN:14,(anonymous_2)
FN:15,(anonymous_3)
FN:20,(anonymous_4)
FNF:5
FNH:0
FNDA:0,useHover
FNDA:0,(anonymous_1)
FNDA:0,(anonymous_2)
FNDA:0,(anonymous_3)
FNDA:0,(anonymous_4)
DA:1,0
DA:3,0
DA:7,0
DA:8,0
DA:10,0
DA:11,0
DA:12,0
DA:14,0
DA:15,0
DA:17,0
DA:18,0
DA:20,0
DA:21,0
DA:22,0
DA:26,0
LF:15
LH:0
BRDA:12,0,0,0
BRF:1
BRH:0
end_of_record
TN:
SF:src/hooks/useInView.ts
FN:7,useInView
FN:12,(anonymous_1)
FN:16,(anonymous_2)
FN:32,(anonymous_3)
FNF:4
FNH:0
FNDA:0,useInView
FNDA:0,(anonymous_1)
FNDA:0,(anonymous_2)
FNDA:0,(anonymous_3)
DA:1,0
DA:7,0
DA:8,0
DA:9,0
DA:10,0
DA:12,0
DA:13,0
DA:14,0
DA:16,0
DA:17,0
DA:18,0
DA:21,0
DA:22,0
DA:24,0
DA:26,0
DA:30,0
DA:32,0
DA:33,0
DA:37,0
LF:19
LH:0
BRDA:8,0,0,0
BRDA:8,1,0,0
BRDA:8,1,1,0
BRDA:14,2,0,0
BRDA:17,3,0,0
BRDA:17,3,1,0
BRDA:21,4,0,0
BRDA:24,5,0,0
BRDA:35,6,0,0
BRDA:35,6,1,0
BRF:10
BRH:0
end_of_record
TN:
SF:src/hooks/useKeyPress.ts
FN:3,useKeyPress
FN:6,(anonymous_1)
FN:7,(anonymous_2)
FN:10,(anonymous_3)
FN:16,(anonymous_4)
FNF:5
FNH:0
FNDA:0,useKeyPress
FNDA:0,(anonymous_1)
FNDA:0,(anonymous_2)
FNDA:0,(anonymous_3)
FNDA:0,(anonymous_4)
DA:1,0
DA:3,0
DA:4,0
DA:6,0
DA:7,0
DA:8,0
DA:10,0
DA:11,0
DA:14,0
DA:15,0
DA:16,0
DA:17,0
DA:18,0
DA:22,0
LF:14
LH:0
BRDA:8,0,0,0
BRDA:11,1,0,0
BRF:2
BRH:0
end_of_record
TN:
SF:src/hooks/useMount.ts
FN:2,(anonymous_0)
FN:3,(anonymous_1)
FNF:2
FNH:0
FNDA:0,(anonymous_0)
FNDA:0,(anonymous_1)
DA:1,0
DA:2,0
DA:3,0
DA:4,0
LF:4
LH:0
BRF:0
BRH:0
end_of_record
TN:
SF:src/hooks/useOnScreen.ts
FN:3,useOnScreen
FN:9,(anonymous_1)
FN:13,(anonymous_2)
FN:19,(anonymous_3)
FNF:4
FNH:0
FNDA:0,useOnScreen
FNDA:0,(anonymous_1)
FNDA:0,(anonymous_2)
FNDA:0,(anonymous_3)
DA:1,0
DA:3,0
DA:6,0
DA:7,0
DA:9,0
DA:10,0
DA:11,0
DA:13,0
DA:14,0
DA:17,0
DA:19,0
DA:20,0
DA:24,0
LF:13
LH:0
BRDA:11,0,0,0
BRF:1
BRH:0
end_of_record
TN:
SF:src/hooks/useResponsive.ts
FN:3,(anonymous_0)
FN:6,(anonymous_1)
FNF:2
FNH:0
FNDA:0,(anonymous_0)
FNDA:0,(anonymous_1)
DA:1,0
DA:3,0
DA:4,0
DA:5,0
DA:6,0
DA:7,0
DA:8,0
LF:7
LH:0
BRDA:7,0,0,0
BRDA:7,0,1,0
BRF:2
BRH:0
end_of_record
TN:
SF:src/hooks/useScroll.ts
FN:45,(anonymous_0)
FN:71,(anonymous_1)
FN:87,(anonymous_2)
FN:109,(anonymous_3)
FN:123,(anonymous_4)
FN:133,(anonymous_5)
FN:146,(anonymous_6)
FN:153,(anonymous_7)
FN:158,(anonymous_8)
FN:176,(anonymous_9)
FN:189,(anonymous_10)
FN:190,(anonymous_11)
FN:212,(anonymous_12)
FN:220,(anonymous_13)
FN:224,(anonymous_14)
FN:227,(anonymous_15)
FN:251,(anonymous_16)
FN:269,(anonymous_17)
FN:276,(anonymous_18)
FN:298,(anonymous_19)
FN:299,(anonymous_20)
FN:301,(anonymous_21)
FN:310,(anonymous_22)
FNF:23
FNH:0
FNDA:0,(anonymous_0)
FNDA:0,(anonymous_1)
FNDA:0,(anonymous_2)
FNDA:0,(anonymous_3)
FNDA:0,(anonymous_4)
FNDA:0,(anonymous_5)
FNDA:0,(anonymous_6)
FNDA:0,(anonymous_7)
FNDA:0,(anonymous_8)
FNDA:0,(anonymous_9)
FNDA:0,(anonymous_10)
FNDA:0,(anonymous_11)
FNDA:0,(anonymous_12)
FNDA:0,(anonymous_13)
FNDA:0,(anonymous_14)
FNDA:0,(anonymous_15)
FNDA:0,(anonymous_16)
FNDA:0,(anonymous_17)
FNDA:0,(anonymous_18)
FNDA:0,(anonymous_19)
FNDA:0,(anonymous_20)
FNDA:0,(anonymous_21)
FNDA:0,(anonymous_22)
DA:1,0
DA:45,0
DA:48,0
DA:49,0
DA:50,0
DA:60,0
DA:71,0
DA:77,0
DA:84,0
DA:85,0
DA:87,0
DA:88,0
DA:90,0
DA:91,0
DA:92,0
DA:93,0
DA:96,0
DA:97,0
DA:99,0
DA:100,0
DA:101,0
DA:102,0
DA:105,0
DA:107,0
DA:109,0
DA:110,0
DA:116,0
DA:117,0
DA:119,0
DA:123,0
DA:124,0
DA:126,0
DA:127,0
DA:129,0
DA:130,0
DA:131,0
DA:133,0
DA:134,0
DA:135,0
DA:136,0
DA:137,0
DA:142,0
DA:146,0
DA:150,0
DA:151,0
DA:153,0
DA:154,0
DA:155,0
DA:157,0
DA:159,0
DA:160,0
DA:161,0
DA:162,0
DA:163,0
DA:175,0
DA:176,0
DA:185,0
DA:189,0
DA:190,0
DA:191,0
DA:193,0
DA:195,0
DA:199,0
DA:200,0
DA:203,0
DA:206,0
DA:212,0
DA:216,0
DA:217,0
DA:218,0
DA:220,0
DA:221,0
DA:224,0
DA:225,0
DA:227,0
DA:228,0
DA:229,0
DA:230,0
DA:231,0
DA:233,0
DA:238,0
DA:243,0
DA:249,0
DA:251,0
DA:252,0
DA:253,0
DA:254,0
DA:266,0
DA:269,0
DA:270,0
DA:271,0
DA:272,0
DA:273,0
DA:274,0
DA:276,0
DA:277,0
DA:278,0
DA:279,0
DA:283,0
DA:286,0
DA:287,0
DA:288,0
DA:289,0
DA:294,0
DA:295,0
DA:298,0
DA:299,0
DA:300,0
DA:301,0
DA:302,0
DA:303,0
DA:305,0
DA:309,0
DA:310,0
DA:311,0
DA:312,0
DA:313,0
DA:318,0
LF:118
LH:0
BRDA:48,0,0,0
BRDA:71,1,0,0
BRDA:73,2,0,0
BRDA:74,3,0,0
BRDA:75,4,0,0
BRDA:88,5,0,0
BRDA:91,6,0,0
BRDA:91,7,0,0
BRDA:91,7,1,0
BRDA:96,8,0,0
BRDA:96,8,1,0
BRDA:96,9,0,0
BRDA:96,9,1,0
BRDA:105,10,0,0
BRDA:105,10,1,0
BRDA:107,11,0,0
BRDA:107,11,1,0
BRDA:110,12,0,0
BRDA:111,13,0,0
BRDA:111,13,1,0
BRDA:111,13,2,0
BRDA:111,13,3,0
BRDA:124,14,0,0
BRDA:126,15,0,0
BRDA:126,15,1,0
BRDA:126,16,0,0
BRDA:126,16,1,0
BRDA:136,17,0,0
BRDA:148,18,0,0
BRDA:155,19,0,0
BRDA:162,20,0,0
BRDA:169,21,0,0
BRDA:169,21,1,0
BRDA:170,22,0,0
BRDA:170,22,1,0
BRDA:171,23,0,0
BRDA:171,23,1,0
BRDA:190,24,0,0
BRDA:191,25,0,0
BRDA:196,26,0,0
BRDA:196,26,1,0
BRDA:199,27,0,0
BRDA:199,27,1,0
BRDA:214,28,0,0
BRDA:225,29,0,0
BRDA:225,30,0,0
BRDA:225,30,1,0
BRDA:228,31,0,0
BRDA:229,32,0,0
BRDA:229,32,1,0
BRDA:230,33,0,0
BRDA:244,34,0,0
BRDA:244,34,1,0
BRDA:245,35,0,0
BRDA:245,35,1,0
BRDA:246,36,0,0
BRDA:246,36,1,0
BRDA:253,37,0,0
BRDA:269,38,0,0
BRDA:277,39,0,0
BRDA:277,39,1,0
BRDA:278,40,0,0
BRDA:278,40,1,0
BRDA:286,41,0,0
BRDA:286,42,0,0
BRDA:286,42,1,0
BRDA:286,42,2,0
BRDA:287,43,0,0
BRDA:300,44,0,0
BRDA:312,45,0,0
BRF:70
BRH:0
end_of_record
TN:
SF:src/hooks/useWindowSize.ts
FN:4,(anonymous_0)
FNF:1
FNH:0
FNDA:0,(anonymous_0)
DA:1,0
DA:2,0
DA:4,0
LF:3
LH:0
BRF:0
BRH:0
end_of_record
TN:
SF:src/providers/Analytics.tsx
FN:11,(anonymous_0)
FN:13,(anonymous_1)
FNF:2
FNH:0
FNDA:0,(anonymous_0)
FNDA:0,(anonymous_1)
DA:2,0
DA:9,0
DA:11,0
DA:13,0
DA:19,0
LF:5
LH:0
BRF:0
BRH:0
end_of_record
TN:
SF:src/providers/Responsive.tsx
FN:48,(anonymous_0)
FN:50,(anonymous_1)
FN:55,(anonymous_2)
FN:63,(anonymous_3)
FN:78,(anonymous_4)
FN:91,(anonymous_5)
FN:93,(anonymous_6)
FN:95,(anonymous_7)
FN:112,(anonymous_8)
FN:114,(anonymous_9)
FN:128,(anonymous_10)
FN:132,(anonymous_11)
FN:136,(anonymous_12)
FN:139,(anonymous_13)
FN:142,(anonymous_14)
FN:146,(anonymous_15)
FN:148,(anonymous_16)
FN:148,(anonymous_17)
FN:152,(anonymous_18)
FNF:19
FNH:0
FNDA:0,(anonymous_0)
FNDA:0,(anonymous_1)
FNDA:0,(anonymous_2)
FNDA:0,(anonymous_3)
FNDA:0,(anonymous_4)
FNDA:0,(anonymous_5)
FNDA:0,(anonymous_6)
FNDA:0,(anonymous_7)
FNDA:0,(anonymous_8)
FNDA:0,(anonymous_9)
FNDA:0,(anonymous_10)
FNDA:0,(anonymous_11)
FNDA:0,(anonymous_12)
FNDA:0,(anonymous_13)
FNDA:0,(anonymous_14)
FNDA:0,(anonymous_15)
FNDA:0,(anonymous_16)
FNDA:0,(anonymous_17)
FNDA:0,(anonymous_18)
DA:2,0
DA:14,0
DA:28,0
DA:48,0
DA:49,0
DA:50,0
DA:55,0
DA:57,0
DA:58,0
DA:61,0
DA:63,0
DA:64,0
DA:65,0
DA:66,0
DA:68,0
DA:69,0
DA:71,0
DA:74,0
DA:78,0
DA:82,0
DA:83,0
DA:84,0
DA:87,0
DA:91,0
DA:93,0
DA:94,0
DA:95,0
DA:100,0
DA:112,0
DA:113,0
DA:114,0
DA:123,0
DA:124,0
DA:127,0
DA:128,0
DA:132,0
DA:133,0
DA:134,0
DA:135,0
DA:136,0
DA:137,0
DA:138,0
DA:139,0
DA:141,0
DA:142,0
DA:143,0
DA:144,0
DA:145,0
DA:146,0
DA:148,0
DA:151,0
DA:152,0
DA:165,0
LF:53
LH:0
BRDA:65,0,0,0
BRDA:68,1,0,0
BRDA:83,2,0,0
BRDA:115,3,0,0
BRDA:116,4,0,0
BRDA:136,5,0,0
BRDA:136,5,1,0
BRDA:138,6,0,0
BRDA:143,7,0,0
BRDA:143,7,1,0
BRF:10
BRH:0
end_of_record
TN:
SF:src/providers/Theme.tsx
FN:82,(anonymous_0)
FN:86,(anonymous_1)
FN:90,(anonymous_2)
FN:101,(anonymous_3)
FN:138,(anonymous_4)
FN:149,(anonymous_5)
FN:154,(anonymous_6)
FN:160,(anonymous_7)
FN:165,(anonymous_8)
FN:173,(anonymous_9)
FN:179,(anonymous_10)
FN:325,(anonymous_11)
FNF:12
FNH:0
FNDA:0,(anonymous_0)
FNDA:0,(anonymous_1)
FNDA:0,(anonymous_2)
FNDA:0,(anonymous_3)
FNDA:0,(anonymous_4)
FNDA:0,(anonymous_5)
FNDA:0,(anonymous_6)
FNDA:0,(anonymous_7)
FNDA:0,(anonymous_8)
FNDA:0,(anonymous_9)
FNDA:0,(anonymous_10)
FNDA:0,(anonymous_11)
DA:1,0
DA:11,0
DA:22,0
DA:23,0
DA:24,0
DA:25,0
DA:26,0
DA:60,0
DA:70,0
DA:75,0
DA:81,0
DA:82,0
DA:90,0
DA:91,0
DA:92,0
DA:93,0
DA:95,0
DA:101,0
DA:103,0
DA:104,0
DA:106,0
DA:107,0
DA:108,0
DA:109,0
DA:110,0
DA:111,0
DA:113,0
DA:114,0
DA:119,0
DA:120,0
DA:122,0
DA:126,0
DA:138,0
DA:145,0
DA:146,0
DA:149,0
DA:150,0
DA:154,0
DA:155,0
DA:159,0
DA:160,0
DA:164,0
DA:165,0
DA:172,0
DA:173,0
DA:178,0
DA:180,0
DA:181,0
DA:184,0
DA:186,0
DA:188,0
DA:189,0
DA:190,0
DA:194,0
DA:195,0
DA:196,0
DA:197,0
DA:200,0
DA:202,0
DA:204,0
DA:210,0
DA:211,0
DA:213,0
DA:214,0
DA:215,0
DA:218,0
DA:221,0
DA:222,0
DA:223,0
DA:224,0
DA:225,0
DA:226,0
DA:229,0
DA:234,0
DA:239,0
DA:242,0
DA:247,0
DA:250,0
DA:254,0
DA:257,0
DA:262,0
DA:264,0
DA:266,0
DA:267,0
DA:271,0
DA:272,0
DA:273,0
DA:275,0
DA:278,0
DA:280,0
DA:282,0
DA:283,0
DA:287,0
DA:288,0
DA:289,0
DA:291,0
DA:294,0
DA:297,0
DA:301,0
DA:308,0
DA:312,0
DA:316,0
DA:317,0
DA:324,0
DA:325,0
DA:335,0
LF:106
LH:0
BRDA:92,0,0,0
BRDA:103,1,0,0
BRDA:103,2,0,0
BRDA:103,2,1,0
BRDA:108,3,0,0
BRDA:111,4,0,0
BRDA:111,4,1,0
BRDA:114,5,0,0
BRDA:114,5,1,0
BRDA:115,6,0,0
BRDA:115,6,1,0
BRDA:115,6,2,0
BRDA:119,7,0,0
BRDA:119,7,1,0
BRDA:120,8,0,0
BRDA:139,9,0,0
BRDA:140,10,0,0
BRDA:141,11,0,0
BRDA:142,12,0,0
BRDA:180,13,0,0
BRDA:180,14,0,0
BRDA:180,14,1,0
BRDA:181,15,0,0
BRDA:184,16,0,0
BRDA:184,16,1,0
BRDA:186,17,0,0
BRDA:186,17,1,0
BRDA:189,18,0,0
BRDA:189,19,0,0
BRDA:189,19,1,0
BRDA:195,20,0,0
BRDA:204,21,0,0
BRDA:204,21,1,0
BRDA:211,22,0,0
BRDA:211,22,1,0
BRDA:214,23,0,0
BRDA:214,24,0,0
BRDA:214,24,1,0
BRDA:218,25,0,0
BRDA:218,25,1,0
BRDA:218,26,0,0
BRDA:218,26,1,0
BRDA:222,27,0,0
BRDA:222,27,1,0
BRDA:225,28,0,0
BRDA:234,29,0,0
BRDA:234,29,1,0
BRDA:235,30,0,0
BRDA:235,30,1,0
BRDA:239,31,0,0
BRDA:239,31,1,0
BRDA:242,32,0,0
BRDA:242,32,1,0
BRDA:257,33,0,0
BRDA:264,34,0,0
BRDA:264,34,1,0
BRDA:269,35,0,0
BRDA:269,35,1,0
BRDA:272,36,0,0
BRDA:272,36,1,0
BRDA:280,37,0,0
BRDA:280,37,1,0
BRDA:285,38,0,0
BRDA:285,38,1,0
BRDA:288,39,0,0
BRDA:288,39,1,0
BRDA:316,40,0,0
BRF:67
BRH:0
end_of_record
TN:
SF:src/providers/WindowSize.tsx
FN:11,(anonymous_0)
FN:17,(anonymous_1)
FN:18,(anonymous_2)
FN:21,(anonymous_3)
FN:31,(anonymous_4)
FNF:5
FNH:0
FNDA:0,(anonymous_0)
FNDA:0,(anonymous_1)
FNDA:0,(anonymous_2)
FNDA:0,(anonymous_3)
FNDA:0,(anonymous_4)
DA:1,0
DA:9,0
DA:11,0
DA:12,0
DA:17,0
DA:18,0
DA:19,0
DA:20,0
DA:21,0
DA:24,0
DA:31,0
LF:11
LH:0
BRF:0
BRH:0
end_of_record
TN:
SF:src/test/CssVariablesTest.tsx
FN:4,(anonymous_0)
FNF:1
FNH:0
FNDA:0,(anonymous_0)
DA:1,0
DA:2,0
DA:4,0
DA:5,0
DA:46,0
LF:5
LH:0
BRF:0
BRH:0
end_of_record
TN:
SF:src/test/LowercaseVendorPrefixTest.tsx
FN:4,(anonymous_0)
FNF:1
FNH:0
FNDA:0,(anonymous_0)
DA:1,0
DA:2,0
DA:4,0
DA:5,0
DA:54,0
LF:5
LH:0
BRF:0
BRH:0
end_of_record
TN:
SF:src/test/VendorPrefixTest.tsx
FN:4,(anonymous_0)
FNF:1
FNH:0
FNDA:0,(anonymous_0)
DA:1,0
DA:2,0
DA:4,0
DA:5,0
DA:69,0
LF:5
LH:0
BRF:0
BRH:0
end_of_record
TN:
SF:src/test/WebkitTextStrokeTest.tsx
FN:4,(anonymous_0)
FNF:1
FNH:0
FNDA:0,(anonymous_0)
DA:1,0
DA:2,0
DA:4,0
DA:5,0
DA:58,0
LF:5
LH:0
BRF:0
BRH:0
end_of_record
TN:
SF:src/types/module.d.ts
FNF:0
FNH:0
LF:0
LH:0
BRF:0
BRH:0
end_of_record
TN:
SF:src/types/style.d.ts
FNF:0
FNH:0
LF:0
LH:0
BRF:0
BRH:0
end_of_record
TN:
SF:src/utils/colors.ts
FNF:0
FNH:0
DA:5,1
DA:346,1
DA:689,1
DA:724,1
DA:731,1
LF:5
LH:5
BRF:0
BRH:0
end_of_record
TN:
SF:src/utils/constants.ts
FNF:0
FNH:0
DA:11,2
DA:31,2
DA:83,2
DA:92,2
LF:4
LH:4
BRF:0
BRH:0
end_of_record
TN:
SF:src/utils/cssProperties.ts
FN:10,(anonymous_0)
FNF:1
FNH:1
FNDA:29,(anonymous_0)
DA:10,2
DA:12,29
DA:13,2
DA:22,27
DA:24,27
DA:26,12
DA:27,12
DA:28,12
DA:29,12
DA:32,12
DA:35,12
DA:36,12
DA:39,0
DA:45,0
DA:51,12
DA:54,12
DA:59,15
DA:62,2
DA:499,2
LF:19
LH:17
BRDA:12,0,0,2
BRDA:24,1,0,12
BRDA:27,2,0,12
BRDA:35,3,0,12
BRDA:35,3,1,0
BRDA:39,4,0,0
BRDA:40,5,0,0
BRDA:40,5,1,0
BRF:8
BRH:4
end_of_record
TN:
SF:src/utils/env.ts
FN:4,(anonymous_0)
FN:12,(anonymous_1)
FN:20,isDev
FN:29,isProd
FN:41,isMobile
FNF:5
FNH:0
FNDA:0,(anonymous_0)
FNDA:0,(anonymous_1)
FNDA:0,isDev
FNDA:0,isProd
FNDA:0,isMobile
DA:4,0
DA:5,0
DA:12,0
DA:13,0
DA:18,0
DA:20,0
DA:21,0
DA:23,0
DA:24,0
DA:26,0
DA:29,0
DA:30,0
DA:31,0
DA:32,0
DA:38,0
DA:41,0
DA:42,0
LF:17
LH:0
BRDA:5,0,0,0
BRDA:5,0,1,0
BRDA:5,0,2,0
BRDA:13,1,0,0
BRDA:13,1,1,0
BRDA:23,2,0,0
BRDA:30,3,0,0
BRDA:31,4,0,0
BRDA:31,5,0,0
BRDA:31,5,1,0
BRDA:31,5,2,0
BRDA:33,6,0,0
BRDA:33,6,1,0
BRF:13
BRH:0
end_of_record
TN:
SF:src/utils/shadow.ts
FNF:0
FNH:0
DA:11,0
LF:1
LH:0
BRF:0
BRH:0
end_of_record
TN:
SF:src/utils/style.ts
FN:11,propertyToKebabCase
FN:174,(anonymous_1)
FN:208,(anonymous_2)
FN:233,styleObjectToCss
FN:235,(anonymous_4)
FN:236,(anonymous_5)
FN:249,(anonymous_6)
FN:254,(anonymous_7)
FN:341,(anonymous_8)
FN:353,(anonymous_9)
FNF:10
FNH:10
FNDA:16,propertyToKebabCase
FNDA:3,(anonymous_1)
FNDA:33,(anonymous_2)
FNDA:5,styleObjectToCss
FNDA:11,(anonymous_4)
FNDA:10,(anonymous_5)
FNDA:14,(anonymous_6)
FNDA:12,(anonymous_7)
FNDA:10,(anonymous_8)
FNDA:4,(anonymous_9)
DA:2,1
DA:3,1
DA:11,1
DA:14,16
DA:15,16
DA:16,5
DA:17,5
DA:19,5
DA:23,5
DA:25,5
DA:30,11
DA:34,1
DA:174,1
DA:178,3
DA:182,1
DA:208,1
DA:210,33
DA:211,6
DA:215,27
DA:233,1
DA:234,5
DA:235,11
DA:237,10
DA:240,8
DA:243,8
DA:249,1
DA:250,14
DA:254,1
DA:260,12
DA:261,3
DA:265,9
DA:267,1
DA:271,8
DA:274,8
DA:278,3
DA:287,3
DA:288,1
DA:290,2
DA:294,5
DA:299,2
DA:303,3
DA:310,0
DA:311,0
DA:313,0
DA:314,0
DA:316,0
DA:318,0
DA:319,0
DA:324,3
DA:325,1
DA:329,2
DA:330,0
DA:333,2
DA:337,1
DA:338,1
DA:341,1
DA:342,10
DA:353,1
DA:358,4
DA:359,4
DA:363,4
LF:61
LH:53
BRDA:15,0,0,5
BRDA:17,1,0,5
BRDA:210,2,0,6
BRDA:216,3,0,27
BRDA:216,3,1,10
BRDA:216,3,2,10
BRDA:216,3,3,8
BRDA:216,3,4,6
BRDA:216,3,5,0
BRDA:237,4,0,2
BRDA:237,5,0,10
BRDA:237,5,1,9
BRDA:260,6,0,3
BRDA:265,7,0,1
BRDA:274,8,0,3
BRDA:278,9,0,3
BRDA:278,9,1,1
BRDA:278,9,2,0
BRDA:278,9,3,0
BRDA:278,9,4,0
BRDA:287,10,0,1
BRDA:294,11,0,2
BRDA:295,12,0,5
BRDA:295,12,1,3
BRDA:295,12,2,3
BRDA:303,13,0,0
BRDA:304,14,0,3
BRDA:304,14,1,2
BRDA:304,14,2,0
BRDA:304,14,3,0
BRDA:311,15,0,0
BRDA:324,16,0,1
BRDA:329,17,0,0
BRDA:343,18,0,10
BRDA:343,18,1,8
BRDA:343,18,2,8
BRF:36
BRH:27
end_of_record
TN:
SF:src/utils/typography.ts
FNF:0
FNH:0
DA:1,1
LF:1
LH:1
BRF:0
BRH:0
end_of_record
TN:
SF:src/utils/vendorPrefixes.ts
FN:164,(anonymous_0)
FN:169,(anonymous_1)
FN:178,(anonymous_2)
FNF:3
FNH:3
FNDA:10,(anonymous_0)
FNDA:5,(anonymous_1)
FNDA:13,(anonymous_2)
DA:8,1
DA:164,1
DA:165,10
DA:169,1
DA:170,5
DA:171,5
DA:174,5
DA:178,1
DA:179,13
LF:9
LH:9
BRDA:171,0,0,5
BRDA:171,0,1,2
BRF:2
BRH:2
end_of_record
